<?xml version="1.0" encoding="UTF-8"?>
<testsuite name="project.khu.KhuApplicationTests" tests="1" skipped="0" failures="0" errors="0" timestamp="2022-07-19T16:55:03" hostname="SUMINSON" time="0.103">
  <properties/>
  <testcase name="contextLoads()" classname="project.khu.KhuApplicationTests" time="0.103"/>
  <system-out><![CDATA[01:54:58.327 [Test worker] DEBUG org.springframework.test.context.BootstrapUtils - Instantiating CacheAwareContextLoaderDelegate from class [org.springframework.test.context.cache.DefaultCacheAwareContextLoaderDelegate]
01:54:58.335 [Test worker] DEBUG org.springframework.test.context.BootstrapUtils - Instantiating BootstrapContext using constructor [public org.springframework.test.context.support.DefaultBootstrapContext(java.lang.Class,org.springframework.test.context.CacheAwareContextLoaderDelegate)]
01:54:58.360 [Test worker] DEBUG org.springframework.test.context.BootstrapUtils - Instantiating TestContextBootstrapper for test class [project.khu.KhuApplicationTests] from class [org.springframework.boot.test.context.SpringBootTestContextBootstrapper]
01:54:58.370 [Test worker] INFO org.springframework.boot.test.context.SpringBootTestContextBootstrapper - Neither @ContextConfiguration nor @ContextHierarchy found for test class [project.khu.KhuApplicationTests], using SpringBootContextLoader
01:54:58.373 [Test worker] DEBUG org.springframework.test.context.support.AbstractContextLoader - Did not detect default resource location for test class [project.khu.KhuApplicationTests]: class path resource [project/khu/KhuApplicationTests-context.xml] does not exist
01:54:58.374 [Test worker] DEBUG org.springframework.test.context.support.AbstractContextLoader - Did not detect default resource location for test class [project.khu.KhuApplicationTests]: class path resource [project/khu/KhuApplicationTestsContext.groovy] does not exist
01:54:58.374 [Test worker] INFO org.springframework.test.context.support.AbstractContextLoader - Could not detect default resource locations for test class [project.khu.KhuApplicationTests]: no resource found for suffixes {-context.xml, Context.groovy}.
01:54:58.374 [Test worker] INFO org.springframework.test.context.support.AnnotationConfigContextLoaderUtils - Could not detect default configuration classes for test class [project.khu.KhuApplicationTests]: KhuApplicationTests does not declare any static, non-private, non-final, nested classes annotated with @Configuration.
01:54:58.405 [Test worker] DEBUG org.springframework.test.context.support.ActiveProfilesUtils - Could not find an 'annotation declaring class' for annotation type [org.springframework.test.context.ActiveProfiles] and class [project.khu.KhuApplicationTests]
01:54:58.443 [Test worker] DEBUG org.springframework.context.annotation.ClassPathScanningCandidateComponentProvider - Identified candidate component class: file [C:\Users\itood\Desktop\khu\khu\build\classes\java\main\project\khu\KhuApplication.class]
01:54:58.444 [Test worker] INFO org.springframework.boot.test.context.SpringBootTestContextBootstrapper - Found @SpringBootConfiguration project.khu.KhuApplication for test class project.khu.KhuApplicationTests
01:54:58.514 [Test worker] DEBUG org.springframework.boot.test.context.SpringBootTestContextBootstrapper - @TestExecutionListeners is not present for class [project.khu.KhuApplicationTests]: using defaults.
01:54:58.515 [Test worker] INFO org.springframework.boot.test.context.SpringBootTestContextBootstrapper - Loaded default TestExecutionListener class names from location [META-INF/spring.factories]: [org.springframework.boot.test.autoconfigure.restdocs.RestDocsTestExecutionListener, org.springframework.boot.test.autoconfigure.web.client.MockRestServiceServerResetTestExecutionListener, org.springframework.boot.test.autoconfigure.web.servlet.MockMvcPrintOnlyOnFailureTestExecutionListener, org.springframework.boot.test.autoconfigure.web.servlet.WebDriverTestExecutionListener, org.springframework.boot.test.autoconfigure.webservices.client.MockWebServiceServerTestExecutionListener, org.springframework.boot.test.mock.mockito.MockitoTestExecutionListener, org.springframework.boot.test.mock.mockito.ResetMocksTestExecutionListener, org.springframework.test.context.web.ServletTestExecutionListener, org.springframework.test.context.support.DirtiesContextBeforeModesTestExecutionListener, org.springframework.test.context.event.ApplicationEventsTestExecutionListener, org.springframework.test.context.support.DependencyInjectionTestExecutionListener, org.springframework.test.context.support.DirtiesContextTestExecutionListener, org.springframework.test.context.transaction.TransactionalTestExecutionListener, org.springframework.test.context.jdbc.SqlScriptsTestExecutionListener, org.springframework.test.context.event.EventPublishingTestExecutionListener]
01:54:58.533 [Test worker] INFO org.springframework.boot.test.context.SpringBootTestContextBootstrapper - Using TestExecutionListeners: [org.springframework.test.context.web.ServletTestExecutionListener@2d8f2f3a, org.springframework.test.context.support.DirtiesContextBeforeModesTestExecutionListener@2024293c, org.springframework.test.context.event.ApplicationEventsTestExecutionListener@7048f722, org.springframework.boot.test.mock.mockito.MockitoTestExecutionListener@c074c0c, org.springframework.boot.test.autoconfigure.SpringBootDependencyInjectionTestExecutionListener@58a55449, org.springframework.test.context.support.DirtiesContextTestExecutionListener@5949eba8, org.springframework.test.context.transaction.TransactionalTestExecutionListener@6e0ff644, org.springframework.test.context.jdbc.SqlScriptsTestExecutionListener@58dea0a5, org.springframework.test.context.event.EventPublishingTestExecutionListener@2a2bb0eb, org.springframework.boot.test.autoconfigure.restdocs.RestDocsTestExecutionListener@3c291aad, org.springframework.boot.test.autoconfigure.web.client.MockRestServiceServerResetTestExecutionListener@2d0566ba, org.springframework.boot.test.autoconfigure.web.servlet.MockMvcPrintOnlyOnFailureTestExecutionListener@733037, org.springframework.boot.test.autoconfigure.web.servlet.WebDriverTestExecutionListener@7728643a, org.springframework.boot.test.autoconfigure.webservices.client.MockWebServiceServerTestExecutionListener@320e400, org.springframework.boot.test.mock.mockito.ResetMocksTestExecutionListener@5167268]
01:54:58.536 [Test worker] DEBUG org.springframework.test.context.support.AbstractDirtiesContextTestExecutionListener - Before test class: context [DefaultTestContext@475b7792 testClass = KhuApplicationTests, testInstance = [null], testMethod = [null], testException = [null], mergedContextConfiguration = [WebMergedContextConfiguration@751e664e testClass = KhuApplicationTests, locations = '{}', classes = '{class project.khu.KhuApplication}', contextInitializerClasses = '[]', activeProfiles = '{}', propertySourceLocations = '{}', propertySourceProperties = '{org.springframework.boot.test.context.SpringBootTestContextBootstrapper=true}', contextCustomizers = set[org.springframework.boot.test.autoconfigure.actuate.metrics.MetricsExportContextCustomizerFactory$DisableMetricExportContextCustomizer@a5bd950, org.springframework.boot.test.autoconfigure.properties.PropertyMappingContextCustomizer@0, org.springframework.boot.test.autoconfigure.web.servlet.WebDriverContextCustomizerFactory$Customizer@1698ee84, org.springframework.boot.test.context.filter.ExcludeFilterContextCustomizer@42e3ede4, org.springframework.boot.test.json.DuplicateJsonObjectContextCustomizerFactory$DuplicateJsonObjectContextCustomizer@3e5499cc, org.springframework.boot.test.mock.mockito.MockitoContextCustomizer@0, org.springframework.boot.test.web.client.TestRestTemplateContextCustomizer@53812a9b, org.springframework.boot.test.context.SpringBootTestArgs@1, org.springframework.boot.test.context.SpringBootTestWebEnvironment@dc9876b], resourceBasePath = 'src/main/webapp', contextLoader = 'org.springframework.boot.test.context.SpringBootContextLoader', parent = [null]], attributes = map['org.springframework.test.context.web.ServletTestExecutionListener.activateListener' -> true]], class annotated with @DirtiesContext [false] with mode [null].

  .   ____          _            __ _ _
 /\\ / ___'_ __ _ _(_)_ __  __ _ \ \ \ \
( ( )\___ | '_ | '_| | '_ \/ _` | \ \ \ \
 \\/  ___)| |_)| | | | | || (_| |  ) ) ) )
  '  |____| .__|_| |_|_| |_\__, | / / / /
 =========|_|==============|___/=/_/_/_/
 :: Spring Boot ::                (v2.7.1)

2022-07-20 01:54:58.784  INFO 11244 --- [    Test worker] project.khu.KhuApplicationTests          : Starting KhuApplicationTests using Java 11.0.15 on suminSon with PID 11244 (started by itood in C:\Users\itood\Desktop\khu\khu)
2022-07-20 01:54:58.786  INFO 11244 --- [    Test worker] project.khu.KhuApplicationTests          : No active profile set, falling back to 1 default profile: "default"
2022-07-20 01:54:58.786 DEBUG 11244 --- [    Test worker] o.s.boot.SpringApplication               : Loading source class project.khu.KhuApplication
2022-07-20 01:54:58.806 DEBUG 11244 --- [    Test worker] o.s.w.c.s.GenericWebApplicationContext   : Refreshing org.springframework.web.context.support.GenericWebApplicationContext@51b1a8f6
2022-07-20 01:54:58.821 DEBUG 11244 --- [    Test worker] o.s.b.f.s.DefaultListableBeanFactory     : Creating shared instance of singleton bean 'org.springframework.context.annotation.internalConfigurationAnnotationProcessor'
2022-07-20 01:54:58.831 DEBUG 11244 --- [    Test worker] o.s.b.f.s.DefaultListableBeanFactory     : Creating shared instance of singleton bean 'org.springframework.boot.autoconfigure.internalCachingMetadataReaderFactory'
2022-07-20 01:54:58.865 DEBUG 11244 --- [    Test worker] o.s.c.a.ClassPathBeanDefinitionScanner   : Ignored because not a concrete top-level class: file [C:\Users\itood\Desktop\khu\khu\build\classes\java\main\project\khu\feature\repository\BoardRepository.class]
2022-07-20 01:54:58.865 DEBUG 11244 --- [    Test worker] o.s.c.a.ClassPathBeanDefinitionScanner   : Ignored because not a concrete top-level class: file [C:\Users\itood\Desktop\khu\khu\build\classes\java\main\project\khu\feature\repository\BoardSubjectRepository.class]
2022-07-20 01:54:58.866 DEBUG 11244 --- [    Test worker] o.s.c.a.ClassPathBeanDefinitionScanner   : Ignored because not a concrete top-level class: file [C:\Users\itood\Desktop\khu\khu\build\classes\java\main\project\khu\feature\repository\ChatContentRepository.class]
2022-07-20 01:54:58.866 DEBUG 11244 --- [    Test worker] o.s.c.a.ClassPathBeanDefinitionScanner   : Ignored because not a concrete top-level class: file [C:\Users\itood\Desktop\khu\khu\build\classes\java\main\project\khu\feature\repository\ChatRepository.class]
2022-07-20 01:54:58.867 DEBUG 11244 --- [    Test worker] o.s.c.a.ClassPathBeanDefinitionScanner   : Ignored because not a concrete top-level class: file [C:\Users\itood\Desktop\khu\khu\build\classes\java\main\project\khu\feature\repository\CommentsRepository.class]
2022-07-20 01:54:58.867 DEBUG 11244 --- [    Test worker] o.s.c.a.ClassPathBeanDefinitionScanner   : Ignored because not a concrete top-level class: file [C:\Users\itood\Desktop\khu\khu\build\classes\java\main\project\khu\feature\repository\MemberRepository.class]
2022-07-20 01:54:58.868 DEBUG 11244 --- [    Test worker] o.s.c.a.ClassPathBeanDefinitionScanner   : Ignored because not a concrete top-level class: file [C:\Users\itood\Desktop\khu\khu\build\classes\java\main\project\khu\feature\repository\SubjectInfoRepository.class]
2022-07-20 01:54:58.868 DEBUG 11244 --- [    Test worker] o.s.c.a.ClassPathBeanDefinitionScanner   : Ignored because not a concrete top-level class: file [C:\Users\itood\Desktop\khu\khu\build\classes\java\main\project\khu\feature\repository\UserRepository.class]
2022-07-20 01:54:58.875 DEBUG 11244 --- [    Test worker] o.s.c.a.ClassPathBeanDefinitionScanner   : Identified candidate component class: file [C:\Users\itood\Desktop\khu\khu\build\classes\java\main\project\khu\webapi\Controller.class]
2022-07-20 01:54:58.876 DEBUG 11244 --- [    Test worker] o.s.c.a.ClassPathBeanDefinitionScanner   : Identified candidate component class: file [C:\Users\itood\Desktop\khu\khu\build\classes\java\main\project\khu\webapi\UserController.class]
2022-07-20 01:54:59.230  INFO 11244 --- [    Test worker] .s.d.r.c.RepositoryConfigurationDelegate : Bootstrapping Spring Data JPA repositories in DEFAULT mode.
2022-07-20 01:54:59.236 DEBUG 11244 --- [    Test worker] o.s.b.f.s.DefaultListableBeanFactory     : Creating shared instance of singleton bean 'org.springframework.boot.autoconfigure.AutoConfigurationPackages'
2022-07-20 01:54:59.236 DEBUG 11244 --- [    Test worker] o.s.b.a.AutoConfigurationPackages        : @EnableAutoConfiguration was declared on a class in the package 'project.khu'. Automatic @Repository and @Entity scanning is enabled.
2022-07-20 01:54:59.237 DEBUG 11244 --- [    Test worker] .s.d.r.c.RepositoryConfigurationDelegate : Scanning for JPA repositories in packages project.khu.
2022-07-20 01:54:59.243 DEBUG 11244 --- [    Test worker] o.s.d.r.c.RepositoryComponentProvider    : Identified candidate component class: file [C:\Users\itood\Desktop\khu\khu\build\classes\java\main\project\khu\feature\repository\BoardRepository.class]
2022-07-20 01:54:59.244 DEBUG 11244 --- [    Test worker] o.s.d.r.c.RepositoryComponentProvider    : Identified candidate component class: file [C:\Users\itood\Desktop\khu\khu\build\classes\java\main\project\khu\feature\repository\BoardSubjectRepository.class]
2022-07-20 01:54:59.244 DEBUG 11244 --- [    Test worker] o.s.d.r.c.RepositoryComponentProvider    : Identified candidate component class: file [C:\Users\itood\Desktop\khu\khu\build\classes\java\main\project\khu\feature\repository\ChatContentRepository.class]
2022-07-20 01:54:59.244 DEBUG 11244 --- [    Test worker] o.s.d.r.c.RepositoryComponentProvider    : Identified candidate component class: file [C:\Users\itood\Desktop\khu\khu\build\classes\java\main\project\khu\feature\repository\ChatRepository.class]
2022-07-20 01:54:59.244 DEBUG 11244 --- [    Test worker] o.s.d.r.c.RepositoryComponentProvider    : Identified candidate component class: file [C:\Users\itood\Desktop\khu\khu\build\classes\java\main\project\khu\feature\repository\CommentsRepository.class]
2022-07-20 01:54:59.244 DEBUG 11244 --- [    Test worker] o.s.d.r.c.RepositoryComponentProvider    : Identified candidate component class: file [C:\Users\itood\Desktop\khu\khu\build\classes\java\main\project\khu\feature\repository\MemberRepository.class]
2022-07-20 01:54:59.244 DEBUG 11244 --- [    Test worker] o.s.d.r.c.RepositoryComponentProvider    : Identified candidate component class: file [C:\Users\itood\Desktop\khu\khu\build\classes\java\main\project\khu\feature\repository\SubjectInfoRepository.class]
2022-07-20 01:54:59.244 DEBUG 11244 --- [    Test worker] o.s.d.r.c.RepositoryComponentProvider    : Identified candidate component class: file [C:\Users\itood\Desktop\khu\khu\build\classes\java\main\project\khu\feature\repository\UserRepository.class]
2022-07-20 01:54:59.276 DEBUG 11244 --- [    Test worker] ssPathScanningCandidateComponentProvider : Identified candidate component class: file [C:\Users\itood\Desktop\khu\khu\build\classes\java\main\project\khu\feature\service\UserServiceImpl.class]
2022-07-20 01:54:59.287  INFO 11244 --- [    Test worker] .s.d.r.c.RepositoryConfigurationDelegate : Finished Spring Data repository scanning in 49 ms. Found 8 JPA repository interfaces.
2022-07-20 01:54:59.439 DEBUG 11244 --- [    Test worker] o.s.b.f.s.DefaultListableBeanFactory     : Creating shared instance of singleton bean 'propertySourcesPlaceholderConfigurer'
2022-07-20 01:54:59.445 DEBUG 11244 --- [    Test worker] o.s.b.f.s.DefaultListableBeanFactory     : Creating shared instance of singleton bean 'org.springframework.boot.test.mock.mockito.MockitoPostProcessor'
2022-07-20 01:54:59.450 DEBUG 11244 --- [    Test worker] o.s.b.f.s.DefaultListableBeanFactory     : Creating shared instance of singleton bean 'emBeanDefinitionRegistrarPostProcessor'
2022-07-20 01:54:59.451 DEBUG 11244 --- [    Test worker] o.s.b.f.s.DefaultListableBeanFactory     : Creating shared instance of singleton bean 'org.springframework.boot.sql.init.dependency.DatabaseInitializationDependencyConfigurer$DependsOnDatabaseInitializationPostProcessor'
2022-07-20 01:54:59.484 DEBUG 11244 --- [    Test worker] o.s.b.f.s.DefaultListableBeanFactory     : Creating shared instance of singleton bean 'org.springframework.context.event.internalEventListenerProcessor'
2022-07-20 01:54:59.485 DEBUG 11244 --- [    Test worker] o.s.b.f.s.DefaultListableBeanFactory     : Creating shared instance of singleton bean 'preserveErrorControllerTargetClassPostProcessor'
2022-07-20 01:54:59.486 DEBUG 11244 --- [    Test worker] o.s.b.f.s.DefaultListableBeanFactory     : Creating shared instance of singleton bean 'conversionServicePostProcessor'
2022-07-20 01:54:59.491 DEBUG 11244 --- [    Test worker] o.s.b.f.s.DefaultListableBeanFactory     : Creating shared instance of singleton bean 'org.springframework.context.event.internalEventListenerFactory'
2022-07-20 01:54:59.491 DEBUG 11244 --- [    Test worker] o.s.b.f.s.DefaultListableBeanFactory     : Creating shared instance of singleton bean 'org.springframework.transaction.config.internalTransactionalEventListenerFactory'
2022-07-20 01:54:59.494 DEBUG 11244 --- [    Test worker] o.s.b.f.s.DefaultListableBeanFactory     : Creating shared instance of singleton bean 'org.springframework.boot.test.mock.mockito.MockitoPostProcessor$SpyPostProcessor'
2022-07-20 01:54:59.496 DEBUG 11244 --- [    Test worker] o.s.b.f.s.DefaultListableBeanFactory     : Creating shared instance of singleton bean 'org.springframework.context.annotation.internalAutowiredAnnotationProcessor'
2022-07-20 01:54:59.497 DEBUG 11244 --- [    Test worker] o.s.b.f.s.DefaultListableBeanFactory     : Creating shared instance of singleton bean 'org.springframework.context.annotation.internalCommonAnnotationProcessor'
2022-07-20 01:54:59.500 DEBUG 11244 --- [    Test worker] o.s.b.f.s.DefaultListableBeanFactory     : Creating shared instance of singleton bean 'org.springframework.context.annotation.internalPersistenceAnnotationProcessor'
2022-07-20 01:54:59.502 DEBUG 11244 --- [    Test worker] o.s.b.f.s.DefaultListableBeanFactory     : Creating shared instance of singleton bean 'org.springframework.boot.context.properties.ConfigurationPropertiesBindingPostProcessor'
2022-07-20 01:54:59.502 DEBUG 11244 --- [    Test worker] o.s.b.f.s.DefaultListableBeanFactory     : Creating shared instance of singleton bean 'org.springframework.boot.context.internalConfigurationPropertiesBinder'
2022-07-20 01:54:59.502 DEBUG 11244 --- [    Test worker] o.s.b.f.s.DefaultListableBeanFactory     : Creating shared instance of singleton bean 'org.springframework.boot.context.internalConfigurationPropertiesBinderFactory'
2022-07-20 01:54:59.504 DEBUG 11244 --- [    Test worker] o.s.b.f.s.DefaultListableBeanFactory     : Creating shared instance of singleton bean 'org.springframework.aop.config.internalAutoProxyCreator'
2022-07-20 01:54:59.527 DEBUG 11244 --- [    Test worker] o.s.b.f.s.DefaultListableBeanFactory     : Creating shared instance of singleton bean 'persistenceExceptionTranslationPostProcessor'
2022-07-20 01:54:59.537 DEBUG 11244 --- [    Test worker] o.s.b.f.s.DefaultListableBeanFactory     : Autowiring by type from bean name 'persistenceExceptionTranslationPostProcessor' via factory method to bean named 'environment'
2022-07-20 01:54:59.546 DEBUG 11244 --- [    Test worker] o.s.b.f.s.DefaultListableBeanFactory     : Creating shared instance of singleton bean 'webServerFactoryCustomizerBeanPostProcessor'
2022-07-20 01:54:59.548 DEBUG 11244 --- [    Test worker] o.s.b.f.s.DefaultListableBeanFactory     : Creating shared instance of singleton bean 'errorPageRegistrarBeanPostProcessor'
2022-07-20 01:54:59.550 DEBUG 11244 --- [    Test worker] o.s.b.f.s.DefaultListableBeanFactory     : Creating shared instance of singleton bean 'projectingArgumentResolverBeanPostProcessor'
2022-07-20 01:54:59.551 DEBUG 11244 --- [    Test worker] o.s.b.f.s.DefaultListableBeanFactory     : Creating shared instance of singleton bean 'org.springframework.transaction.config.internalTransactionAdvisor'
2022-07-20 01:54:59.551 DEBUG 11244 --- [    Test worker] o.s.b.f.s.DefaultListableBeanFactory     : Creating shared instance of singleton bean 'org.springframework.transaction.annotation.ProxyTransactionManagementConfiguration'
2022-07-20 01:54:59.558 DEBUG 11244 --- [    Test worker] o.s.b.f.s.DefaultListableBeanFactory     : Creating shared instance of singleton bean 'transactionAttributeSource'
2022-07-20 01:54:59.563 DEBUG 11244 --- [    Test worker] o.s.b.f.s.DefaultListableBeanFactory     : Creating shared instance of singleton bean 'transactionInterceptor'
2022-07-20 01:54:59.564 DEBUG 11244 --- [    Test worker] o.s.b.f.s.DefaultListableBeanFactory     : Autowiring by type from bean name 'transactionInterceptor' via factory method to bean named 'transactionAttributeSource'
2022-07-20 01:54:59.570 DEBUG 11244 --- [    Test worker] o.s.b.f.s.DefaultListableBeanFactory     : Autowiring by type from bean name 'org.springframework.transaction.config.internalTransactionAdvisor' via factory method to bean named 'transactionAttributeSource'
2022-07-20 01:54:59.571 DEBUG 11244 --- [    Test worker] o.s.b.f.s.DefaultListableBeanFactory     : Autowiring by type from bean name 'org.springframework.transaction.config.internalTransactionAdvisor' via factory method to bean named 'transactionInterceptor'
2022-07-20 01:54:59.596 DEBUG 11244 --- [    Test worker] o.s.u.c.s.UiApplicationContextUtils      : Unable to locate ThemeSource with name 'themeSource': using default [org.springframework.ui.context.support.ResourceBundleThemeSource@706ceca6]
2022-07-20 01:54:59.596 DEBUG 11244 --- [    Test worker] o.s.b.f.s.DefaultListableBeanFactory     : Creating shared instance of singleton bean 'dataSourceScriptDatabaseInitializer'
2022-07-20 01:54:59.596 DEBUG 11244 --- [    Test worker] o.s.b.f.s.DefaultListableBeanFactory     : Creating shared instance of singleton bean 'org.springframework.boot.autoconfigure.sql.init.DataSourceInitializationConfiguration'
2022-07-20 01:54:59.599 DEBUG 11244 --- [    Test worker] o.s.b.f.s.DefaultListableBeanFactory     : Creating shared instance of singleton bean 'dataSource'
2022-07-20 01:54:59.599 DEBUG 11244 --- [    Test worker] o.s.b.f.s.DefaultListableBeanFactory     : Creating shared instance of singleton bean 'org.springframework.boot.autoconfigure.jdbc.DataSourceConfiguration$Hikari'
2022-07-20 01:54:59.600 DEBUG 11244 --- [    Test worker] o.s.b.f.s.DefaultListableBeanFactory     : Creating shared instance of singleton bean 'spring.datasource-org.springframework.boot.autoconfigure.jdbc.DataSourceProperties'
2022-07-20 01:54:59.604 DEBUG 11244 --- [    Test worker] o.s.b.f.s.DefaultListableBeanFactory     : Creating shared instance of singleton bean 'org.springframework.boot.context.properties.BoundConfigurationProperties'
2022-07-20 01:54:59.616 DEBUG 11244 --- [    Test worker] o.s.b.f.s.DefaultListableBeanFactory     : Autowiring by type from bean name 'dataSource' via factory method to bean named 'spring.datasource-org.springframework.boot.autoconfigure.jdbc.DataSourceProperties'
2022-07-20 01:54:59.642 DEBUG 11244 --- [    Test worker] o.s.b.f.s.DefaultListableBeanFactory     : Creating shared instance of singleton bean 'spring.sql.init-org.springframework.boot.autoconfigure.sql.init.SqlInitializationProperties'
2022-07-20 01:54:59.648 DEBUG 11244 --- [    Test worker] o.s.b.f.s.DefaultListableBeanFactory     : Autowiring by type from bean name 'dataSourceScriptDatabaseInitializer' via factory method to bean named 'dataSource'
2022-07-20 01:54:59.648 DEBUG 11244 --- [    Test worker] o.s.b.f.s.DefaultListableBeanFactory     : Autowiring by type from bean name 'dataSourceScriptDatabaseInitializer' via factory method to bean named 'spring.sql.init-org.springframework.boot.autoconfigure.sql.init.SqlInitializationProperties'
2022-07-20 01:54:59.654 DEBUG 11244 --- [    Test worker] o.s.b.f.s.DefaultListableBeanFactory     : Creating shared instance of singleton bean 'entityManagerFactory'
2022-07-20 01:54:59.654 DEBUG 11244 --- [    Test worker] o.s.b.f.s.DefaultListableBeanFactory     : Creating shared instance of singleton bean 'org.springframework.boot.autoconfigure.orm.jpa.HibernateJpaConfiguration'
2022-07-20 01:54:59.656 DEBUG 11244 --- [    Test worker] o.s.b.f.s.DefaultListableBeanFactory     : Creating shared instance of singleton bean 'spring.jpa-org.springframework.boot.autoconfigure.orm.jpa.JpaProperties'
2022-07-20 01:54:59.659 DEBUG 11244 --- [    Test worker] o.s.b.f.s.DefaultListableBeanFactory     : Creating shared instance of singleton bean 'spring.jpa.hibernate-org.springframework.boot.autoconfigure.orm.jpa.HibernateProperties'
2022-07-20 01:54:59.663 DEBUG 11244 --- [    Test worker] o.s.b.f.s.DefaultListableBeanFactory     : Autowiring by type from bean name 'org.springframework.boot.autoconfigure.orm.jpa.HibernateJpaConfiguration' via constructor to bean named 'dataSource'
2022-07-20 01:54:59.663 DEBUG 11244 --- [    Test worker] o.s.b.f.s.DefaultListableBeanFactory     : Autowiring by type from bean name 'org.springframework.boot.autoconfigure.orm.jpa.HibernateJpaConfiguration' via constructor to bean named 'spring.jpa-org.springframework.boot.autoconfigure.orm.jpa.JpaProperties'
2022-07-20 01:54:59.663 DEBUG 11244 --- [    Test worker] o.s.b.f.s.DefaultListableBeanFactory     : Autowiring by type from bean name 'org.springframework.boot.autoconfigure.orm.jpa.HibernateJpaConfiguration' via constructor to bean named 'org.springframework.beans.factory.support.DefaultListableBeanFactory@385e36d4'
2022-07-20 01:54:59.663 DEBUG 11244 --- [    Test worker] o.s.b.f.s.DefaultListableBeanFactory     : Autowiring by type from bean name 'org.springframework.boot.autoconfigure.orm.jpa.HibernateJpaConfiguration' via constructor to bean named 'spring.jpa.hibernate-org.springframework.boot.autoconfigure.orm.jpa.HibernateProperties'
2022-07-20 01:54:59.664 DEBUG 11244 --- [    Test worker] o.s.b.f.s.DefaultListableBeanFactory     : Creating shared instance of singleton bean 'hikariPoolDataSourceMetadataProvider'
2022-07-20 01:54:59.664 DEBUG 11244 --- [    Test worker] o.s.b.f.s.DefaultListableBeanFactory     : Creating shared instance of singleton bean 'org.springframework.boot.autoconfigure.jdbc.metadata.DataSourcePoolMetadataProvidersConfiguration$HikariPoolDataSourceMetadataProviderConfiguration'
2022-07-20 01:54:59.672 DEBUG 11244 --- [    Test worker] o.s.b.f.s.DefaultListableBeanFactory     : Creating shared instance of singleton bean 'entityManagerFactoryBuilder'
2022-07-20 01:54:59.673 DEBUG 11244 --- [    Test worker] o.s.b.f.s.DefaultListableBeanFactory     : Creating shared instance of singleton bean 'jpaVendorAdapter'
2022-07-20 01:54:59.716 DEBUG 11244 --- [    Test worker] o.s.b.f.s.DefaultListableBeanFactory     : Autowiring by type from bean name 'entityManagerFactoryBuilder' via factory method to bean named 'jpaVendorAdapter'
2022-07-20 01:54:59.719 DEBUG 11244 --- [    Test worker] o.s.b.f.s.DefaultListableBeanFactory     : Autowiring by type from bean name 'entityManagerFactory' via factory method to bean named 'entityManagerFactoryBuilder'
2022-07-20 01:54:59.743 DEBUG 11244 --- [    Test worker] j.LocalContainerEntityManagerFactoryBean : Building JPA container EntityManagerFactory for persistence unit 'default'
2022-07-20 01:54:59.759  INFO 11244 --- [    Test worker] o.hibernate.jpa.internal.util.LogHelper  : HHH000204: Processing PersistenceUnitInfo [name: default]
2022-07-20 01:54:59.797  INFO 11244 --- [    Test worker] org.hibernate.Version                    : HHH000412: Hibernate ORM core version 5.6.9.Final
2022-07-20 01:54:59.940  INFO 11244 --- [    Test worker] o.hibernate.annotations.common.Version   : HCANN000001: Hibernate Commons Annotations {5.1.2.Final}
2022-07-20 01:55:00.032  INFO 11244 --- [    Test worker] com.zaxxer.hikari.HikariDataSource       : HikariPool-1 - Starting...
2022-07-20 01:55:00.308  INFO 11244 --- [    Test worker] com.zaxxer.hikari.HikariDataSource       : HikariPool-1 - Start completed.
2022-07-20 01:55:00.333  INFO 11244 --- [    Test worker] org.hibernate.dialect.Dialect            : HHH000400: Using dialect: org.hibernate.dialect.MySQL8Dialect
2022-07-20 01:55:00.597  WARN 11244 --- [    Test worker] org.hibernate.mapping.RootClass          : HHH000038: Composite-id class does not override equals(): project.khu.feature.model.BoardSubjectId
2022-07-20 01:55:00.597  WARN 11244 --- [    Test worker] org.hibernate.mapping.RootClass          : HHH000039: Composite-id class does not override hashCode(): project.khu.feature.model.BoardSubjectId
2022-07-20 01:55:00.597  WARN 11244 --- [    Test worker] org.hibernate.mapping.RootClass          : HHH000038: Composite-id class does not override equals(): project.khu.feature.model.ChatContentId
2022-07-20 01:55:00.597  WARN 11244 --- [    Test worker] org.hibernate.mapping.RootClass          : HHH000039: Composite-id class does not override hashCode(): project.khu.feature.model.ChatContentId
2022-07-20 01:55:00.597  WARN 11244 --- [    Test worker] org.hibernate.mapping.RootClass          : HHH000038: Composite-id class does not override equals(): project.khu.feature.model.MemberId
2022-07-20 01:55:00.598  WARN 11244 --- [    Test worker] org.hibernate.mapping.RootClass          : HHH000039: Composite-id class does not override hashCode(): project.khu.feature.model.MemberId
2022-07-20 01:55:00.598  WARN 11244 --- [    Test worker] org.hibernate.mapping.RootClass          : HHH000038: Composite-id class does not override equals(): project.khu.feature.model.CommentsId
2022-07-20 01:55:00.598  WARN 11244 --- [    Test worker] org.hibernate.mapping.RootClass          : HHH000039: Composite-id class does not override hashCode(): project.khu.feature.model.CommentsId
2022-07-20 01:55:01.401  INFO 11244 --- [    Test worker] o.h.e.t.j.p.i.JtaPlatformInitiator       : HHH000490: Using JtaPlatform implementation: [org.hibernate.engine.transaction.jta.platform.internal.NoJtaPlatform]
2022-07-20 01:55:01.407  INFO 11244 --- [    Test worker] j.LocalContainerEntityManagerFactoryBean : Initialized JPA EntityManagerFactory for persistence unit 'default'
2022-07-20 01:55:01.410 DEBUG 11244 --- [    Test worker] o.s.b.f.s.DefaultListableBeanFactory     : Creating shared instance of singleton bean 'khuApplication'
2022-07-20 01:55:01.413 DEBUG 11244 --- [    Test worker] o.s.b.f.s.DefaultListableBeanFactory     : Creating shared instance of singleton bean 'TestApi'
2022-07-20 01:55:01.416 DEBUG 11244 --- [    Test worker] o.s.b.f.s.DefaultListableBeanFactory     : Creating shared instance of singleton bean 'userRepository'
2022-07-20 01:55:01.459 DEBUG 11244 --- [    Test worker] o.s.b.f.s.DefaultListableBeanFactory     : Creating shared instance of singleton bean 'jpaMappingContext'
2022-07-20 01:55:01.463 DEBUG 11244 --- [    Test worker] .c.JpaMetamodelMappingContextFactoryBean : Initializing JpaMetamodelMappingContext…
2022-07-20 01:55:01.476 DEBUG 11244 --- [    Test worker] .c.JpaMetamodelMappingContextFactoryBean : Finished initializing JpaMetamodelMappingContext!
2022-07-20 01:55:01.494 DEBUG 11244 --- [    Test worker] tor$SharedEntityManagerInvocationHandler : Creating new EntityManager for shared EntityManager invocation
2022-07-20 01:55:01.545 DEBUG 11244 --- [    Test worker] tor$SharedEntityManagerInvocationHandler : Creating new EntityManager for shared EntityManager invocation
2022-07-20 01:55:01.582 DEBUG 11244 --- [    Test worker] o.s.d.r.c.s.RepositoryFactorySupport     : Initializing repository instance for project.khu.feature.repository.UserRepository…
2022-07-20 01:55:01.599 DEBUG 11244 --- [    Test worker] tor$SharedEntityManagerInvocationHandler : Creating new EntityManager for shared EntityManager invocation
2022-07-20 01:55:01.637 DEBUG 11244 --- [    Test worker] o.s.d.r.c.s.RepositoryFactorySupport     : Finished creation of repository instance for project.khu.feature.repository.UserRepository.
2022-07-20 01:55:01.642 DEBUG 11244 --- [    Test worker] o.s.b.f.s.DefaultListableBeanFactory     : Creating shared instance of singleton bean 'boardRepository'
2022-07-20 01:55:01.649 DEBUG 11244 --- [    Test worker] tor$SharedEntityManagerInvocationHandler : Creating new EntityManager for shared EntityManager invocation
2022-07-20 01:55:01.657 DEBUG 11244 --- [    Test worker] o.s.d.r.c.s.RepositoryFactorySupport     : Initializing repository instance for project.khu.feature.repository.BoardRepository…
2022-07-20 01:55:01.657 DEBUG 11244 --- [    Test worker] tor$SharedEntityManagerInvocationHandler : Creating new EntityManager for shared EntityManager invocation
2022-07-20 01:55:01.669 DEBUG 11244 --- [    Test worker] o.s.d.r.c.s.RepositoryFactorySupport     : Finished creation of repository instance for project.khu.feature.repository.BoardRepository.
2022-07-20 01:55:01.671 DEBUG 11244 --- [    Test worker] o.s.b.f.s.DefaultListableBeanFactory     : Creating shared instance of singleton bean 'commentsRepository'
2022-07-20 01:55:01.674 DEBUG 11244 --- [    Test worker] tor$SharedEntityManagerInvocationHandler : Creating new EntityManager for shared EntityManager invocation
2022-07-20 01:55:01.678 DEBUG 11244 --- [    Test worker] o.s.d.r.c.s.RepositoryFactorySupport     : Initializing repository instance for project.khu.feature.repository.CommentsRepository…
2022-07-20 01:55:01.679 DEBUG 11244 --- [    Test worker] tor$SharedEntityManagerInvocationHandler : Creating new EntityManager for shared EntityManager invocation
2022-07-20 01:55:01.691 DEBUG 11244 --- [    Test worker] o.s.d.r.c.s.RepositoryFactorySupport     : Finished creation of repository instance for project.khu.feature.repository.CommentsRepository.
2022-07-20 01:55:01.694 DEBUG 11244 --- [    Test worker] o.s.b.f.s.DefaultListableBeanFactory     : Creating shared instance of singleton bean 'userController'
2022-07-20 01:55:01.696 DEBUG 11244 --- [    Test worker] o.s.b.f.s.DefaultListableBeanFactory     : Creating shared instance of singleton bean 'org.springframework.boot.autoconfigure.context.PropertyPlaceholderAutoConfiguration'
2022-07-20 01:55:01.697 DEBUG 11244 --- [    Test worker] o.s.b.f.s.DefaultListableBeanFactory     : Creating shared instance of singleton bean 'org.springframework.boot.autoconfigure.websocket.servlet.WebSocketServletAutoConfiguration$TomcatWebSocketConfiguration'
2022-07-20 01:55:01.700 DEBUG 11244 --- [    Test worker] o.s.b.f.s.DefaultListableBeanFactory     : Creating shared instance of singleton bean 'websocketServletWebServerCustomizer'
2022-07-20 01:55:01.705 DEBUG 11244 --- [    Test worker] o.s.b.f.s.DefaultListableBeanFactory     : Creating shared instance of singleton bean 'org.springframework.boot.autoconfigure.websocket.servlet.WebSocketServletAutoConfiguration'
2022-07-20 01:55:01.706 DEBUG 11244 --- [    Test worker] o.s.b.f.s.DefaultListableBeanFactory     : Creating shared instance of singleton bean 'org.springframework.boot.autoconfigure.web.servlet.ServletWebServerFactoryConfiguration$EmbeddedTomcat'
2022-07-20 01:55:01.708 DEBUG 11244 --- [    Test worker] o.s.b.f.s.DefaultListableBeanFactory     : Creating shared instance of singleton bean 'tomcatServletWebServerFactory'
2022-07-20 01:55:01.770 DEBUG 11244 --- [    Test worker] o.s.b.f.s.DefaultListableBeanFactory     : Creating shared instance of singleton bean 'servletWebServerFactoryCustomizer'
2022-07-20 01:55:01.770 DEBUG 11244 --- [    Test worker] o.s.b.f.s.DefaultListableBeanFactory     : Creating shared instance of singleton bean 'org.springframework.boot.autoconfigure.web.servlet.ServletWebServerFactoryAutoConfiguration'
2022-07-20 01:55:01.773 DEBUG 11244 --- [    Test worker] o.s.b.f.s.DefaultListableBeanFactory     : Creating shared instance of singleton bean 'server-org.springframework.boot.autoconfigure.web.ServerProperties'
2022-07-20 01:55:01.788 DEBUG 11244 --- [    Test worker] o.s.b.f.s.DefaultListableBeanFactory     : Autowiring by type from bean name 'servletWebServerFactoryCustomizer' via factory method to bean named 'server-org.springframework.boot.autoconfigure.web.ServerProperties'
2022-07-20 01:55:01.798 DEBUG 11244 --- [    Test worker] o.s.b.f.s.DefaultListableBeanFactory     : Creating shared instance of singleton bean 'tomcatServletWebServerFactoryCustomizer'
2022-07-20 01:55:01.799 DEBUG 11244 --- [    Test worker] o.s.b.f.s.DefaultListableBeanFactory     : Autowiring by type from bean name 'tomcatServletWebServerFactoryCustomizer' via factory method to bean named 'server-org.springframework.boot.autoconfigure.web.ServerProperties'
2022-07-20 01:55:01.804 DEBUG 11244 --- [    Test worker] o.s.b.f.s.DefaultListableBeanFactory     : Creating shared instance of singleton bean 'tomcatWebServerFactoryCustomizer'
2022-07-20 01:55:01.805 DEBUG 11244 --- [    Test worker] o.s.b.f.s.DefaultListableBeanFactory     : Creating shared instance of singleton bean 'org.springframework.boot.autoconfigure.web.embedded.EmbeddedWebServerFactoryCustomizerAutoConfiguration$TomcatWebServerFactoryCustomizerConfiguration'
2022-07-20 01:55:01.807 DEBUG 11244 --- [    Test worker] o.s.b.f.s.DefaultListableBeanFactory     : Autowiring by type from bean name 'tomcatWebServerFactoryCustomizer' via factory method to bean named 'environment'
2022-07-20 01:55:01.807 DEBUG 11244 --- [    Test worker] o.s.b.f.s.DefaultListableBeanFactory     : Autowiring by type from bean name 'tomcatWebServerFactoryCustomizer' via factory method to bean named 'server-org.springframework.boot.autoconfigure.web.ServerProperties'
2022-07-20 01:55:01.811 DEBUG 11244 --- [    Test worker] o.s.b.f.s.DefaultListableBeanFactory     : Creating shared instance of singleton bean 'localeCharsetMappingsCustomizer'
2022-07-20 01:55:01.812 DEBUG 11244 --- [    Test worker] o.s.b.f.s.DefaultListableBeanFactory     : Creating shared instance of singleton bean 'org.springframework.boot.autoconfigure.web.servlet.HttpEncodingAutoConfiguration'
2022-07-20 01:55:01.812 DEBUG 11244 --- [    Test worker] o.s.b.f.s.DefaultListableBeanFactory     : Autowiring by type from bean name 'org.springframework.boot.autoconfigure.web.servlet.HttpEncodingAutoConfiguration' via constructor to bean named 'server-org.springframework.boot.autoconfigure.web.ServerProperties'
2022-07-20 01:55:01.848 DEBUG 11244 --- [    Test worker] o.s.b.f.s.DefaultListableBeanFactory     : Creating shared instance of singleton bean 'errorPageCustomizer'
2022-07-20 01:55:01.848 DEBUG 11244 --- [    Test worker] o.s.b.f.s.DefaultListableBeanFactory     : Creating shared instance of singleton bean 'org.springframework.boot.autoconfigure.web.servlet.error.ErrorMvcAutoConfiguration'
2022-07-20 01:55:01.848 DEBUG 11244 --- [    Test worker] o.s.b.f.s.DefaultListableBeanFactory     : Autowiring by type from bean name 'org.springframework.boot.autoconfigure.web.servlet.error.ErrorMvcAutoConfiguration' via constructor to bean named 'server-org.springframework.boot.autoconfigure.web.ServerProperties'
2022-07-20 01:55:01.850 DEBUG 11244 --- [    Test worker] o.s.b.f.s.DefaultListableBeanFactory     : Creating shared instance of singleton bean 'dispatcherServletRegistration'
2022-07-20 01:55:01.850 DEBUG 11244 --- [    Test worker] o.s.b.f.s.DefaultListableBeanFactory     : Creating shared instance of singleton bean 'org.springframework.boot.autoconfigure.web.servlet.DispatcherServletAutoConfiguration$DispatcherServletRegistrationConfiguration'
2022-07-20 01:55:01.853 DEBUG 11244 --- [    Test worker] o.s.b.f.s.DefaultListableBeanFactory     : Creating shared instance of singleton bean 'dispatcherServlet'
2022-07-20 01:55:01.853 DEBUG 11244 --- [    Test worker] o.s.b.f.s.DefaultListableBeanFactory     : Creating shared instance of singleton bean 'org.springframework.boot.autoconfigure.web.servlet.DispatcherServletAutoConfiguration$DispatcherServletConfiguration'
2022-07-20 01:55:01.857 DEBUG 11244 --- [    Test worker] o.s.b.f.s.DefaultListableBeanFactory     : Creating shared instance of singleton bean 'spring.mvc-org.springframework.boot.autoconfigure.web.servlet.WebMvcProperties'
2022-07-20 01:55:01.861 DEBUG 11244 --- [    Test worker] o.s.b.f.s.DefaultListableBeanFactory     : Autowiring by type from bean name 'dispatcherServlet' via factory method to bean named 'spring.mvc-org.springframework.boot.autoconfigure.web.servlet.WebMvcProperties'
2022-07-20 01:55:01.885 DEBUG 11244 --- [    Test worker] o.s.b.f.s.DefaultListableBeanFactory     : Autowiring by type from bean name 'dispatcherServletRegistration' via factory method to bean named 'dispatcherServlet'
2022-07-20 01:55:01.886 DEBUG 11244 --- [    Test worker] o.s.b.f.s.DefaultListableBeanFactory     : Autowiring by type from bean name 'dispatcherServletRegistration' via factory method to bean named 'spring.mvc-org.springframework.boot.autoconfigure.web.servlet.WebMvcProperties'
2022-07-20 01:55:01.889 DEBUG 11244 --- [    Test worker] o.s.b.f.s.DefaultListableBeanFactory     : Creating shared instance of singleton bean 'multipartConfigElement'
2022-07-20 01:55:01.889 DEBUG 11244 --- [    Test worker] o.s.b.f.s.DefaultListableBeanFactory     : Creating shared instance of singleton bean 'org.springframework.boot.autoconfigure.web.servlet.MultipartAutoConfiguration'
2022-07-20 01:55:01.889 DEBUG 11244 --- [    Test worker] o.s.b.f.s.DefaultListableBeanFactory     : Creating shared instance of singleton bean 'spring.servlet.multipart-org.springframework.boot.autoconfigure.web.servlet.MultipartProperties'
2022-07-20 01:55:01.896 DEBUG 11244 --- [    Test worker] o.s.b.f.s.DefaultListableBeanFactory     : Autowiring by type from bean name 'org.springframework.boot.autoconfigure.web.servlet.MultipartAutoConfiguration' via constructor to bean named 'spring.servlet.multipart-org.springframework.boot.autoconfigure.web.servlet.MultipartProperties'
2022-07-20 01:55:01.910 DEBUG 11244 --- [    Test worker] o.s.b.f.s.DefaultListableBeanFactory     : Autowiring by type from bean name 'errorPageCustomizer' via factory method to bean named 'dispatcherServletRegistration'
2022-07-20 01:55:01.914 DEBUG 11244 --- [    Test worker] o.s.b.f.s.DefaultListableBeanFactory     : Creating shared instance of singleton bean 'org.springframework.boot.context.properties.EnableConfigurationPropertiesRegistrar.methodValidationExcludeFilter'
2022-07-20 01:55:01.919 DEBUG 11244 --- [    Test worker] o.s.b.f.s.DefaultListableBeanFactory     : Creating shared instance of singleton bean 'org.springframework.boot.autoconfigure.web.servlet.DispatcherServletAutoConfiguration'
2022-07-20 01:55:01.920 DEBUG 11244 --- [    Test worker] o.s.b.f.s.DefaultListableBeanFactory     : Creating shared instance of singleton bean 'org.springframework.boot.autoconfigure.task.TaskExecutionAutoConfiguration'
2022-07-20 01:55:01.924 DEBUG 11244 --- [    Test worker] o.s.b.f.s.DefaultListableBeanFactory     : Creating shared instance of singleton bean 'taskExecutorBuilder'
2022-07-20 01:55:01.925 DEBUG 11244 --- [    Test worker] o.s.b.f.s.DefaultListableBeanFactory     : Creating shared instance of singleton bean 'spring.task.execution-org.springframework.boot.autoconfigure.task.TaskExecutionProperties'
2022-07-20 01:55:01.927 DEBUG 11244 --- [    Test worker] o.s.b.f.s.DefaultListableBeanFactory     : Autowiring by type from bean name 'taskExecutorBuilder' via factory method to bean named 'spring.task.execution-org.springframework.boot.autoconfigure.task.TaskExecutionProperties'
2022-07-20 01:55:01.931 DEBUG 11244 --- [    Test worker] o.s.b.f.s.DefaultListableBeanFactory     : Creating shared instance of singleton bean 'org.springframework.boot.autoconfigure.web.servlet.error.ErrorMvcAutoConfiguration$WhitelabelErrorViewConfiguration'
2022-07-20 01:55:01.934 DEBUG 11244 --- [    Test worker] o.s.b.f.s.DefaultListableBeanFactory     : Creating shared instance of singleton bean 'error'
2022-07-20 01:55:01.937 DEBUG 11244 --- [    Test worker] o.s.b.f.s.DefaultListableBeanFactory     : Creating shared instance of singleton bean 'beanNameViewResolver'
2022-07-20 01:55:01.945 DEBUG 11244 --- [    Test worker] o.s.b.f.s.DefaultListableBeanFactory     : Creating shared instance of singleton bean 'org.springframework.boot.autoconfigure.web.servlet.error.ErrorMvcAutoConfiguration$DefaultErrorViewResolverConfiguration'
2022-07-20 01:55:01.946 DEBUG 11244 --- [    Test worker] o.s.b.f.s.DefaultListableBeanFactory     : Creating shared instance of singleton bean 'spring.web-org.springframework.boot.autoconfigure.web.WebProperties'
2022-07-20 01:55:01.951 DEBUG 11244 --- [    Test worker] o.s.b.f.s.DefaultListableBeanFactory     : Autowiring by type from bean name 'org.springframework.boot.autoconfigure.web.servlet.error.ErrorMvcAutoConfiguration$DefaultErrorViewResolverConfiguration' via constructor to bean named 'org.springframework.web.context.support.GenericWebApplicationContext@51b1a8f6'
2022-07-20 01:55:01.951 DEBUG 11244 --- [    Test worker] o.s.b.f.s.DefaultListableBeanFactory     : Autowiring by type from bean name 'org.springframework.boot.autoconfigure.web.servlet.error.ErrorMvcAutoConfiguration$DefaultErrorViewResolverConfiguration' via constructor to bean named 'spring.web-org.springframework.boot.autoconfigure.web.WebProperties'
2022-07-20 01:55:01.953 DEBUG 11244 --- [    Test worker] o.s.b.f.s.DefaultListableBeanFactory     : Creating shared instance of singleton bean 'conventionErrorViewResolver'
2022-07-20 01:55:01.958 DEBUG 11244 --- [    Test worker] o.s.b.f.s.DefaultListableBeanFactory     : Creating shared instance of singleton bean 'errorAttributes'
2022-07-20 01:55:01.963 DEBUG 11244 --- [    Test worker] o.s.b.f.s.DefaultListableBeanFactory     : Creating shared instance of singleton bean 'basicErrorController'
2022-07-20 01:55:01.965 DEBUG 11244 --- [    Test worker] o.s.b.f.s.DefaultListableBeanFactory     : Autowiring by type from bean name 'basicErrorController' via factory method to bean named 'errorAttributes'
2022-07-20 01:55:01.974 DEBUG 11244 --- [    Test worker] o.s.b.f.s.DefaultListableBeanFactory     : Creating shared instance of singleton bean 'org.springframework.boot.autoconfigure.web.servlet.WebMvcAutoConfiguration$EnableWebMvcConfiguration'
2022-07-20 01:55:01.977 DEBUG 11244 --- [    Test worker] o.s.b.f.s.DefaultListableBeanFactory     : Autowiring by type from bean name 'org.springframework.boot.autoconfigure.web.servlet.WebMvcAutoConfiguration$EnableWebMvcConfiguration' via constructor to bean named 'spring.mvc-org.springframework.boot.autoconfigure.web.servlet.WebMvcProperties'
2022-07-20 01:55:01.977 DEBUG 11244 --- [    Test worker] o.s.b.f.s.DefaultListableBeanFactory     : Autowiring by type from bean name 'org.springframework.boot.autoconfigure.web.servlet.WebMvcAutoConfiguration$EnableWebMvcConfiguration' via constructor to bean named 'spring.web-org.springframework.boot.autoconfigure.web.WebProperties'
2022-07-20 01:55:01.977 DEBUG 11244 --- [    Test worker] o.s.b.f.s.DefaultListableBeanFactory     : Autowiring by type from bean name 'org.springframework.boot.autoconfigure.web.servlet.WebMvcAutoConfiguration$EnableWebMvcConfiguration' via constructor to bean named 'org.springframework.beans.factory.support.DefaultListableBeanFactory@385e36d4'
2022-07-20 01:55:01.988 DEBUG 11244 --- [    Test worker] o.s.b.f.s.DefaultListableBeanFactory     : Creating shared instance of singleton bean 'org.springframework.boot.autoconfigure.web.servlet.WebMvcAutoConfiguration$WebMvcAutoConfigurationAdapter'
2022-07-20 01:55:01.989 DEBUG 11244 --- [    Test worker] o.s.b.f.s.DefaultListableBeanFactory     : Autowiring by type from bean name 'org.springframework.boot.autoconfigure.web.servlet.WebMvcAutoConfiguration$WebMvcAutoConfigurationAdapter' via constructor to bean named 'spring.web-org.springframework.boot.autoconfigure.web.WebProperties'
2022-07-20 01:55:01.989 DEBUG 11244 --- [    Test worker] o.s.b.f.s.DefaultListableBeanFactory     : Autowiring by type from bean name 'org.springframework.boot.autoconfigure.web.servlet.WebMvcAutoConfiguration$WebMvcAutoConfigurationAdapter' via constructor to bean named 'spring.mvc-org.springframework.boot.autoconfigure.web.servlet.WebMvcProperties'
2022-07-20 01:55:01.989 DEBUG 11244 --- [    Test worker] o.s.b.f.s.DefaultListableBeanFactory     : Autowiring by type from bean name 'org.springframework.boot.autoconfigure.web.servlet.WebMvcAutoConfiguration$WebMvcAutoConfigurationAdapter' via constructor to bean named 'org.springframework.beans.factory.support.DefaultListableBeanFactory@385e36d4'
2022-07-20 01:55:01.995 DEBUG 11244 --- [    Test worker] o.s.b.f.s.DefaultListableBeanFactory     : Creating shared instance of singleton bean 'openEntityManagerInViewInterceptorConfigurer'
2022-07-20 01:55:01.995 DEBUG 11244 --- [    Test worker] o.s.b.f.s.DefaultListableBeanFactory     : Creating shared instance of singleton bean 'org.springframework.boot.autoconfigure.orm.jpa.JpaBaseConfiguration$JpaWebConfiguration'
2022-07-20 01:55:01.996 DEBUG 11244 --- [    Test worker] o.s.b.f.s.DefaultListableBeanFactory     : Autowiring by type from bean name 'org.springframework.boot.autoconfigure.orm.jpa.JpaBaseConfiguration$JpaWebConfiguration' via constructor to bean named 'spring.jpa-org.springframework.boot.autoconfigure.orm.jpa.JpaProperties'
2022-07-20 01:55:01.999 DEBUG 11244 --- [    Test worker] o.s.b.f.s.DefaultListableBeanFactory     : Creating shared instance of singleton bean 'openEntityManagerInViewInterceptor'
2022-07-20 01:55:02.000  WARN 11244 --- [    Test worker] JpaBaseConfiguration$JpaWebConfiguration : spring.jpa.open-in-view is enabled by default. Therefore, database queries may be performed during view rendering. Explicitly configure spring.jpa.open-in-view to disable this warning
2022-07-20 01:55:02.006 DEBUG 11244 --- [    Test worker] o.s.b.f.s.DefaultListableBeanFactory     : Autowiring by type from bean name 'openEntityManagerInViewInterceptorConfigurer' via factory method to bean named 'openEntityManagerInViewInterceptor'
2022-07-20 01:55:02.011 DEBUG 11244 --- [    Test worker] o.s.b.f.s.DefaultListableBeanFactory     : Creating shared instance of singleton bean 'org.springframework.data.web.config.SpringDataWebConfiguration'
2022-07-20 01:55:02.012 DEBUG 11244 --- [    Test worker] o.s.b.f.s.DefaultListableBeanFactory     : Autowiring by type from bean name 'org.springframework.data.web.config.SpringDataWebConfiguration' via constructor to bean named 'org.springframework.web.context.support.GenericWebApplicationContext@51b1a8f6'
2022-07-20 01:55:02.018 DEBUG 11244 --- [    Test worker] o.s.b.f.s.DefaultListableBeanFactory     : Creating shared instance of singleton bean 'org.springframework.security.config.annotation.web.configuration.WebMvcSecurityConfiguration'
2022-07-20 01:55:02.024 DEBUG 11244 --- [    Test worker] o.s.b.f.s.DefaultListableBeanFactory     : Creating shared instance of singleton bean 'requestMappingHandlerAdapter'
2022-07-20 01:55:02.027 DEBUG 11244 --- [    Test worker] o.s.b.f.s.DefaultListableBeanFactory     : Creating shared instance of singleton bean 'mvcContentNegotiationManager'
2022-07-20 01:55:02.037 DEBUG 11244 --- [    Test worker] o.s.b.f.s.DefaultListableBeanFactory     : Creating shared instance of singleton bean 'mvcConversionService'
2022-07-20 01:55:02.056 DEBUG 11244 --- [    Test worker] o.s.b.f.s.DefaultListableBeanFactory     : Creating shared instance of singleton bean 'mvcValidator'
2022-07-20 01:55:02.061 DEBUG 11244 --- [    Test worker] o.s.b.f.s.DefaultListableBeanFactory     : Autowiring by type from bean name 'requestMappingHandlerAdapter' via factory method to bean named 'mvcContentNegotiationManager'
2022-07-20 01:55:02.061 DEBUG 11244 --- [    Test worker] o.s.b.f.s.DefaultListableBeanFactory     : Autowiring by type from bean name 'requestMappingHandlerAdapter' via factory method to bean named 'mvcConversionService'
2022-07-20 01:55:02.061 DEBUG 11244 --- [    Test worker] o.s.b.f.s.DefaultListableBeanFactory     : Autowiring by type from bean name 'requestMappingHandlerAdapter' via factory method to bean named 'mvcValidator'
2022-07-20 01:55:02.063 DEBUG 11244 --- [    Test worker] o.s.b.f.s.DefaultListableBeanFactory     : Autowiring by type from bean name 'requestMappingHandlerAdapter' via factory method to bean named 'mvcContentNegotiationManager'
2022-07-20 01:55:02.063 DEBUG 11244 --- [    Test worker] o.s.b.f.s.DefaultListableBeanFactory     : Autowiring by type from bean name 'requestMappingHandlerAdapter' via factory method to bean named 'mvcConversionService'
2022-07-20 01:55:02.063 DEBUG 11244 --- [    Test worker] o.s.b.f.s.DefaultListableBeanFactory     : Autowiring by type from bean name 'requestMappingHandlerAdapter' via factory method to bean named 'mvcValidator'
2022-07-20 01:55:02.078 DEBUG 11244 --- [    Test worker] o.s.b.f.s.DefaultListableBeanFactory     : Creating shared instance of singleton bean 'messageConverters'
2022-07-20 01:55:02.078 DEBUG 11244 --- [    Test worker] o.s.b.f.s.DefaultListableBeanFactory     : Creating shared instance of singleton bean 'org.springframework.boot.autoconfigure.http.HttpMessageConvertersAutoConfiguration'
2022-07-20 01:55:02.084 DEBUG 11244 --- [    Test worker] o.s.b.f.s.DefaultListableBeanFactory     : Creating shared instance of singleton bean 'stringHttpMessageConverter'
2022-07-20 01:55:02.085 DEBUG 11244 --- [    Test worker] o.s.b.f.s.DefaultListableBeanFactory     : Creating shared instance of singleton bean 'org.springframework.boot.autoconfigure.http.HttpMessageConvertersAutoConfiguration$StringHttpMessageConverterConfiguration'
2022-07-20 01:55:02.088 DEBUG 11244 --- [    Test worker] o.s.b.f.s.DefaultListableBeanFactory     : Autowiring by type from bean name 'stringHttpMessageConverter' via factory method to bean named 'environment'
2022-07-20 01:55:02.099 DEBUG 11244 --- [    Test worker] o.s.b.f.s.DefaultListableBeanFactory     : Creating shared instance of singleton bean 'mappingJackson2HttpMessageConverter'
2022-07-20 01:55:02.100 DEBUG 11244 --- [    Test worker] o.s.b.f.s.DefaultListableBeanFactory     : Creating shared instance of singleton bean 'org.springframework.boot.autoconfigure.http.JacksonHttpMessageConvertersConfiguration$MappingJackson2HttpMessageConverterConfiguration'
2022-07-20 01:55:02.102 DEBUG 11244 --- [    Test worker] o.s.b.f.s.DefaultListableBeanFactory     : Creating shared instance of singleton bean 'jacksonObjectMapper'
2022-07-20 01:55:02.103 DEBUG 11244 --- [    Test worker] o.s.b.f.s.DefaultListableBeanFactory     : Creating shared instance of singleton bean 'org.springframework.boot.autoconfigure.jackson.JacksonAutoConfiguration$JacksonObjectMapperConfiguration'
2022-07-20 01:55:02.105 DEBUG 11244 --- [    Test worker] o.s.b.f.s.DefaultListableBeanFactory     : Creating shared instance of singleton bean 'org.springframework.boot.autoconfigure.jackson.JacksonAutoConfiguration$JacksonObjectMapperBuilderConfiguration'
2022-07-20 01:55:02.108 DEBUG 11244 --- [    Test worker] o.s.b.f.s.DefaultListableBeanFactory     : Creating shared instance of singleton bean 'standardJacksonObjectMapperBuilderCustomizer'
2022-07-20 01:55:02.108 DEBUG 11244 --- [    Test worker] o.s.b.f.s.DefaultListableBeanFactory     : Creating shared instance of singleton bean 'org.springframework.boot.autoconfigure.jackson.JacksonAutoConfiguration$Jackson2ObjectMapperBuilderCustomizerConfiguration'
2022-07-20 01:55:02.111 DEBUG 11244 --- [    Test worker] o.s.b.f.s.DefaultListableBeanFactory     : Creating shared instance of singleton bean 'spring.jackson-org.springframework.boot.autoconfigure.jackson.JacksonProperties'
2022-07-20 01:55:02.117 DEBUG 11244 --- [    Test worker] o.s.b.f.s.DefaultListableBeanFactory     : Autowiring by type from bean name 'standardJacksonObjectMapperBuilderCustomizer' via factory method to bean named 'org.springframework.web.context.support.GenericWebApplicationContext@51b1a8f6'
2022-07-20 01:55:02.117 DEBUG 11244 --- [    Test worker] o.s.b.f.s.DefaultListableBeanFactory     : Autowiring by type from bean name 'standardJacksonObjectMapperBuilderCustomizer' via factory method to bean named 'spring.jackson-org.springframework.boot.autoconfigure.jackson.JacksonProperties'
2022-07-20 01:55:02.121 DEBUG 11244 --- [    Test worker] o.s.b.f.s.DefaultListableBeanFactory     : Autowiring by type from bean name 'jacksonObjectMapperBuilder' via factory method to bean named 'org.springframework.web.context.support.GenericWebApplicationContext@51b1a8f6'
2022-07-20 01:55:02.121 DEBUG 11244 --- [    Test worker] o.s.b.f.s.DefaultListableBeanFactory     : Autowiring by type from bean name 'jacksonObjectMapperBuilder' via factory method to bean named 'standardJacksonObjectMapperBuilderCustomizer'
2022-07-20 01:55:02.123 DEBUG 11244 --- [    Test worker] o.s.b.f.s.DefaultListableBeanFactory     : Creating shared instance of singleton bean 'parameterNamesModule'
2022-07-20 01:55:02.123 DEBUG 11244 --- [    Test worker] o.s.b.f.s.DefaultListableBeanFactory     : Creating shared instance of singleton bean 'org.springframework.boot.autoconfigure.jackson.JacksonAutoConfiguration$ParameterNamesModuleConfiguration'
2022-07-20 01:55:02.143 DEBUG 11244 --- [    Test worker] o.s.b.f.s.DefaultListableBeanFactory     : Creating shared instance of singleton bean 'jsonComponentModule'
2022-07-20 01:55:02.143 DEBUG 11244 --- [    Test worker] o.s.b.f.s.DefaultListableBeanFactory     : Creating shared instance of singleton bean 'org.springframework.boot.autoconfigure.jackson.JacksonAutoConfiguration'
2022-07-20 01:55:02.155 DEBUG 11244 --- [    Test worker] o.s.b.f.s.DefaultListableBeanFactory     : Creating shared instance of singleton bean 'jsonMixinModule'
2022-07-20 01:55:02.155 DEBUG 11244 --- [    Test worker] o.s.b.f.s.DefaultListableBeanFactory     : Autowiring by type from bean name 'jsonMixinModule' via factory method to bean named 'org.springframework.web.context.support.GenericWebApplicationContext@51b1a8f6'
2022-07-20 01:55:02.165 DEBUG 11244 --- [    Test worker] o.s.b.f.s.DefaultListableBeanFactory     : Creating shared instance of singleton bean 'jacksonGeoModule'
2022-07-20 01:55:02.165 DEBUG 11244 --- [    Test worker] o.s.b.f.s.DefaultListableBeanFactory     : Creating shared instance of singleton bean 'org.springframework.data.web.config.SpringDataJacksonConfiguration'
2022-07-20 01:55:02.175 DEBUG 11244 --- [    Test worker] o.s.b.f.s.DefaultListableBeanFactory     : Autowiring by type from bean name 'jacksonObjectMapper' via factory method to bean named 'jacksonObjectMapperBuilder'
2022-07-20 01:55:02.199 DEBUG 11244 --- [    Test worker] o.s.b.f.s.DefaultListableBeanFactory     : Autowiring by type from bean name 'mappingJackson2HttpMessageConverter' via factory method to bean named 'jacksonObjectMapper'
2022-07-20 01:55:02.240 DEBUG 11244 --- [    Test worker] o.s.b.f.s.DefaultListableBeanFactory     : Creating shared instance of singleton bean 'sortResolver'
2022-07-20 01:55:02.242 DEBUG 11244 --- [    Test worker] o.s.b.f.s.DefaultListableBeanFactory     : Creating shared instance of singleton bean 'sortCustomizer'
2022-07-20 01:55:02.242 DEBUG 11244 --- [    Test worker] o.s.b.f.s.DefaultListableBeanFactory     : Creating shared instance of singleton bean 'org.springframework.boot.autoconfigure.data.web.SpringDataWebAutoConfiguration'
2022-07-20 01:55:02.243 DEBUG 11244 --- [    Test worker] o.s.b.f.s.DefaultListableBeanFactory     : Creating shared instance of singleton bean 'spring.data.web-org.springframework.boot.autoconfigure.data.web.SpringDataWebProperties'
2022-07-20 01:55:02.245 DEBUG 11244 --- [    Test worker] o.s.b.f.s.DefaultListableBeanFactory     : Autowiring by type from bean name 'org.springframework.boot.autoconfigure.data.web.SpringDataWebAutoConfiguration' via constructor to bean named 'spring.data.web-org.springframework.boot.autoconfigure.data.web.SpringDataWebProperties'
2022-07-20 01:55:02.251 DEBUG 11244 --- [    Test worker] o.s.b.f.s.DefaultListableBeanFactory     : Creating shared instance of singleton bean 'pageableResolver'
2022-07-20 01:55:02.254 DEBUG 11244 --- [    Test worker] o.s.b.f.s.DefaultListableBeanFactory     : Creating shared instance of singleton bean 'pageableCustomizer'
2022-07-20 01:55:02.262 DEBUG 11244 --- [    Test worker] o.s.b.f.s.DefaultListableBeanFactory     : Creating shared instance of singleton bean 'applicationTaskExecutor'
2022-07-20 01:55:02.263 DEBUG 11244 --- [    Test worker] o.s.b.f.s.DefaultListableBeanFactory     : Autowiring by type from bean name 'applicationTaskExecutor' via factory method to bean named 'taskExecutorBuilder'
2022-07-20 01:55:02.274 DEBUG 11244 --- [    Test worker] o.s.s.concurrent.ThreadPoolTaskExecutor  : Initializing ExecutorService 'applicationTaskExecutor'
2022-07-20 01:55:02.288 DEBUG 11244 --- [    Test worker] s.w.s.m.m.a.RequestMappingHandlerAdapter : ControllerAdvice beans: 0 @ModelAttribute, 0 @InitBinder, 1 RequestBodyAdvice, 1 ResponseBodyAdvice
2022-07-20 01:55:02.321 DEBUG 11244 --- [    Test worker] o.s.b.f.s.DefaultListableBeanFactory     : Creating shared instance of singleton bean 'welcomePageHandlerMapping'
2022-07-20 01:55:02.322 DEBUG 11244 --- [    Test worker] o.s.b.f.s.DefaultListableBeanFactory     : Creating shared instance of singleton bean 'mvcResourceUrlProvider'
2022-07-20 01:55:02.334 DEBUG 11244 --- [    Test worker] o.s.b.f.s.DefaultListableBeanFactory     : Autowiring by type from bean name 'welcomePageHandlerMapping' via factory method to bean named 'org.springframework.web.context.support.GenericWebApplicationContext@51b1a8f6'
2022-07-20 01:55:02.334 DEBUG 11244 --- [    Test worker] o.s.b.f.s.DefaultListableBeanFactory     : Autowiring by type from bean name 'welcomePageHandlerMapping' via factory method to bean named 'mvcConversionService'
2022-07-20 01:55:02.334 DEBUG 11244 --- [    Test worker] o.s.b.f.s.DefaultListableBeanFactory     : Autowiring by type from bean name 'welcomePageHandlerMapping' via factory method to bean named 'mvcResourceUrlProvider'
2022-07-20 01:55:02.355 DEBUG 11244 --- [    Test worker] o.s.b.f.s.DefaultListableBeanFactory     : Creating shared instance of singleton bean 'localeResolver'
2022-07-20 01:55:02.359 DEBUG 11244 --- [    Test worker] o.s.b.f.s.DefaultListableBeanFactory     : Creating shared instance of singleton bean 'themeResolver'
2022-07-20 01:55:02.362 DEBUG 11244 --- [    Test worker] o.s.b.f.s.DefaultListableBeanFactory     : Creating shared instance of singleton bean 'flashMapManager'
2022-07-20 01:55:02.367 DEBUG 11244 --- [    Test worker] o.s.b.f.s.DefaultListableBeanFactory     : Creating shared instance of singleton bean 'requestMappingHandlerMapping'
2022-07-20 01:55:02.368 DEBUG 11244 --- [    Test worker] o.s.b.f.s.DefaultListableBeanFactory     : Autowiring by type from bean name 'requestMappingHandlerMapping' via factory method to bean named 'mvcContentNegotiationManager'
2022-07-20 01:55:02.368 DEBUG 11244 --- [    Test worker] o.s.b.f.s.DefaultListableBeanFactory     : Autowiring by type from bean name 'requestMappingHandlerMapping' via factory method to bean named 'mvcConversionService'
2022-07-20 01:55:02.368 DEBUG 11244 --- [    Test worker] o.s.b.f.s.DefaultListableBeanFactory     : Autowiring by type from bean name 'requestMappingHandlerMapping' via factory method to bean named 'mvcResourceUrlProvider'
2022-07-20 01:55:02.418 DEBUG 11244 --- [    Test worker] s.w.s.m.m.a.RequestMappingHandlerMapping : 3 mappings in 'requestMappingHandlerMapping'
2022-07-20 01:55:02.419 DEBUG 11244 --- [    Test worker] o.s.b.f.s.DefaultListableBeanFactory     : Creating shared instance of singleton bean 'mvcPatternParser'
2022-07-20 01:55:02.421 DEBUG 11244 --- [    Test worker] o.s.b.f.s.DefaultListableBeanFactory     : Creating shared instance of singleton bean 'mvcUrlPathHelper'
2022-07-20 01:55:02.423 DEBUG 11244 --- [    Test worker] o.s.b.f.s.DefaultListableBeanFactory     : Creating shared instance of singleton bean 'mvcPathMatcher'
2022-07-20 01:55:02.425 DEBUG 11244 --- [    Test worker] o.s.b.f.s.DefaultListableBeanFactory     : Creating shared instance of singleton bean 'viewControllerHandlerMapping'
2022-07-20 01:55:02.426 DEBUG 11244 --- [    Test worker] o.s.b.f.s.DefaultListableBeanFactory     : Autowiring by type from bean name 'viewControllerHandlerMapping' via factory method to bean named 'mvcConversionService'
2022-07-20 01:55:02.426 DEBUG 11244 --- [    Test worker] o.s.b.f.s.DefaultListableBeanFactory     : Autowiring by type from bean name 'viewControllerHandlerMapping' via factory method to bean named 'mvcResourceUrlProvider'
2022-07-20 01:55:02.429 DEBUG 11244 --- [    Test worker] o.s.b.f.s.DefaultListableBeanFactory     : Creating shared instance of singleton bean 'beanNameHandlerMapping'
2022-07-20 01:55:02.430 DEBUG 11244 --- [    Test worker] o.s.b.f.s.DefaultListableBeanFactory     : Autowiring by type from bean name 'beanNameHandlerMapping' via factory method to bean named 'mvcConversionService'
2022-07-20 01:55:02.430 DEBUG 11244 --- [    Test worker] o.s.b.f.s.DefaultListableBeanFactory     : Autowiring by type from bean name 'beanNameHandlerMapping' via factory method to bean named 'mvcResourceUrlProvider'
2022-07-20 01:55:02.444 DEBUG 11244 --- [    Test worker] o.s.b.f.s.DefaultListableBeanFactory     : Creating shared instance of singleton bean 'routerFunctionMapping'
2022-07-20 01:55:02.445 DEBUG 11244 --- [    Test worker] o.s.b.f.s.DefaultListableBeanFactory     : Autowiring by type from bean name 'routerFunctionMapping' via factory method to bean named 'mvcConversionService'
2022-07-20 01:55:02.445 DEBUG 11244 --- [    Test worker] o.s.b.f.s.DefaultListableBeanFactory     : Autowiring by type from bean name 'routerFunctionMapping' via factory method to bean named 'mvcResourceUrlProvider'
2022-07-20 01:55:02.456 DEBUG 11244 --- [    Test worker] o.s.b.f.s.DefaultListableBeanFactory     : Creating shared instance of singleton bean 'resourceHandlerMapping'
2022-07-20 01:55:02.457 DEBUG 11244 --- [    Test worker] o.s.b.f.s.DefaultListableBeanFactory     : Autowiring by type from bean name 'resourceHandlerMapping' via factory method to bean named 'mvcContentNegotiationManager'
2022-07-20 01:55:02.457 DEBUG 11244 --- [    Test worker] o.s.b.f.s.DefaultListableBeanFactory     : Autowiring by type from bean name 'resourceHandlerMapping' via factory method to bean named 'mvcConversionService'
2022-07-20 01:55:02.457 DEBUG 11244 --- [    Test worker] o.s.b.f.s.DefaultListableBeanFactory     : Autowiring by type from bean name 'resourceHandlerMapping' via factory method to bean named 'mvcResourceUrlProvider'
2022-07-20 01:55:02.473 DEBUG 11244 --- [    Test worker] o.s.w.s.handler.SimpleUrlHandlerMapping  : Patterns [/webjars/**, /**] in 'resourceHandlerMapping'
2022-07-20 01:55:02.475 DEBUG 11244 --- [    Test worker] o.s.b.f.s.DefaultListableBeanFactory     : Creating shared instance of singleton bean 'defaultServletHandlerMapping'
2022-07-20 01:55:02.475 DEBUG 11244 --- [    Test worker] o.s.b.f.s.DefaultListableBeanFactory     : Creating shared instance of singleton bean 'handlerFunctionAdapter'
2022-07-20 01:55:02.479 DEBUG 11244 --- [    Test worker] o.s.b.f.s.DefaultListableBeanFactory     : Creating shared instance of singleton bean 'mvcUriComponentsContributor'
2022-07-20 01:55:02.480 DEBUG 11244 --- [    Test worker] o.s.b.f.s.DefaultListableBeanFactory     : Autowiring by type from bean name 'mvcUriComponentsContributor' via factory method to bean named 'mvcConversionService'
2022-07-20 01:55:02.480 DEBUG 11244 --- [    Test worker] o.s.b.f.s.DefaultListableBeanFactory     : Autowiring by type from bean name 'mvcUriComponentsContributor' via factory method to bean named 'requestMappingHandlerAdapter'
2022-07-20 01:55:02.482 DEBUG 11244 --- [    Test worker] o.s.b.f.s.DefaultListableBeanFactory     : Creating shared instance of singleton bean 'httpRequestHandlerAdapter'
2022-07-20 01:55:02.486 DEBUG 11244 --- [    Test worker] o.s.b.f.s.DefaultListableBeanFactory     : Creating shared instance of singleton bean 'simpleControllerHandlerAdapter'
2022-07-20 01:55:02.488 DEBUG 11244 --- [    Test worker] o.s.b.f.s.DefaultListableBeanFactory     : Creating shared instance of singleton bean 'handlerExceptionResolver'
2022-07-20 01:55:02.489 DEBUG 11244 --- [    Test worker] o.s.b.f.s.DefaultListableBeanFactory     : Autowiring by type from bean name 'handlerExceptionResolver' via factory method to bean named 'mvcContentNegotiationManager'
2022-07-20 01:55:02.492 DEBUG 11244 --- [    Test worker] .m.m.a.ExceptionHandlerExceptionResolver : ControllerAdvice beans: 0 @ExceptionHandler, 1 ResponseBodyAdvice
2022-07-20 01:55:02.497 DEBUG 11244 --- [    Test worker] o.s.b.f.s.DefaultListableBeanFactory     : Creating shared instance of singleton bean 'mvcViewResolver'
2022-07-20 01:55:02.497 DEBUG 11244 --- [    Test worker] o.s.b.f.s.DefaultListableBeanFactory     : Autowiring by type from bean name 'mvcViewResolver' via factory method to bean named 'mvcContentNegotiationManager'
2022-07-20 01:55:02.499 DEBUG 11244 --- [    Test worker] o.s.b.f.s.DefaultListableBeanFactory     : Creating shared instance of singleton bean 'viewNameTranslator'
2022-07-20 01:55:02.506 DEBUG 11244 --- [    Test worker] o.s.b.f.s.DefaultListableBeanFactory     : Creating shared instance of singleton bean 'defaultViewResolver'
2022-07-20 01:55:02.529 DEBUG 11244 --- [    Test worker] o.s.b.f.s.DefaultListableBeanFactory     : Creating shared instance of singleton bean 'viewResolver'
2022-07-20 01:55:02.530 DEBUG 11244 --- [    Test worker] o.s.b.f.s.DefaultListableBeanFactory     : Autowiring by type from bean name 'viewResolver' via factory method to bean named 'org.springframework.beans.factory.support.DefaultListableBeanFactory@385e36d4'
2022-07-20 01:55:02.536 DEBUG 11244 --- [    Test worker] o.s.b.f.s.DefaultListableBeanFactory     : Creating shared instance of singleton bean 'viewResolver'
2022-07-20 01:55:02.536 DEBUG 11244 --- [    Test worker] o.s.b.f.s.DefaultListableBeanFactory     : Creating shared instance of singleton bean 'thymeleafViewResolver'
2022-07-20 01:55:02.537 DEBUG 11244 --- [    Test worker] o.s.b.f.s.DefaultListableBeanFactory     : Creating shared instance of singleton bean 'org.springframework.boot.autoconfigure.thymeleaf.ThymeleafAutoConfiguration$ThymeleafWebMvcConfiguration$ThymeleafViewResolverConfiguration'
2022-07-20 01:55:02.539 DEBUG 11244 --- [    Test worker] o.s.b.f.s.DefaultListableBeanFactory     : Creating shared instance of singleton bean 'spring.thymeleaf-org.springframework.boot.autoconfigure.thymeleaf.ThymeleafProperties'
2022-07-20 01:55:02.544 DEBUG 11244 --- [    Test worker] o.s.b.f.s.DefaultListableBeanFactory     : Creating shared instance of singleton bean 'templateEngine'
2022-07-20 01:55:02.544 DEBUG 11244 --- [    Test worker] o.s.b.f.s.DefaultListableBeanFactory     : Creating shared instance of singleton bean 'org.springframework.boot.autoconfigure.thymeleaf.TemplateEngineConfigurations$DefaultTemplateEngineConfiguration'
2022-07-20 01:55:02.547 DEBUG 11244 --- [    Test worker] o.s.b.f.s.DefaultListableBeanFactory     : Autowiring by type from bean name 'templateEngine' via factory method to bean named 'spring.thymeleaf-org.springframework.boot.autoconfigure.thymeleaf.ThymeleafProperties'
2022-07-20 01:55:02.562 DEBUG 11244 --- [    Test worker] o.s.b.f.s.DefaultListableBeanFactory     : Creating shared instance of singleton bean 'defaultTemplateResolver'
2022-07-20 01:55:02.562 DEBUG 11244 --- [    Test worker] o.s.b.f.s.DefaultListableBeanFactory     : Creating shared instance of singleton bean 'org.springframework.boot.autoconfigure.thymeleaf.ThymeleafAutoConfiguration$DefaultTemplateResolverConfiguration'
2022-07-20 01:55:02.565 DEBUG 11244 --- [    Test worker] o.s.b.f.s.DefaultListableBeanFactory     : Autowiring by type from bean name 'org.springframework.boot.autoconfigure.thymeleaf.ThymeleafAutoConfiguration$DefaultTemplateResolverConfiguration' via constructor to bean named 'spring.thymeleaf-org.springframework.boot.autoconfigure.thymeleaf.ThymeleafProperties'
2022-07-20 01:55:02.565 DEBUG 11244 --- [    Test worker] o.s.b.f.s.DefaultListableBeanFactory     : Autowiring by type from bean name 'org.springframework.boot.autoconfigure.thymeleaf.ThymeleafAutoConfiguration$DefaultTemplateResolverConfiguration' via constructor to bean named 'org.springframework.web.context.support.GenericWebApplicationContext@51b1a8f6'
2022-07-20 01:55:02.576 DEBUG 11244 --- [    Test worker] o.s.b.f.s.DefaultListableBeanFactory     : Creating shared instance of singleton bean 'java8TimeDialect'
2022-07-20 01:55:02.576 DEBUG 11244 --- [    Test worker] o.s.b.f.s.DefaultListableBeanFactory     : Creating shared instance of singleton bean 'org.springframework.boot.autoconfigure.thymeleaf.ThymeleafAutoConfiguration$ThymeleafJava8TimeDialect'
2022-07-20 01:55:02.582 DEBUG 11244 --- [    Test worker] o.s.b.f.s.DefaultListableBeanFactory     : Creating shared instance of singleton bean 'securityDialect'
2022-07-20 01:55:02.582 DEBUG 11244 --- [    Test worker] o.s.b.f.s.DefaultListableBeanFactory     : Creating shared instance of singleton bean 'org.springframework.boot.autoconfigure.thymeleaf.ThymeleafAutoConfiguration$ThymeleafSecurityDialectConfiguration'
2022-07-20 01:55:02.597 DEBUG 11244 --- [    Test worker] o.s.b.f.s.DefaultListableBeanFactory     : Autowiring by type from bean name 'thymeleafViewResolver' via factory method to bean named 'spring.thymeleaf-org.springframework.boot.autoconfigure.thymeleaf.ThymeleafProperties'
2022-07-20 01:55:02.597 DEBUG 11244 --- [    Test worker] o.s.b.f.s.DefaultListableBeanFactory     : Autowiring by type from bean name 'thymeleafViewResolver' via factory method to bean named 'templateEngine'
2022-07-20 01:55:02.607 DEBUG 11244 --- [    Test worker] o.s.b.f.s.DefaultListableBeanFactory     : Creating shared instance of singleton bean 'requestContextFilter'
2022-07-20 01:55:02.614 DEBUG 11244 --- [    Test worker] o.s.b.f.s.DefaultListableBeanFactory     : Creating shared instance of singleton bean 'org.springframework.boot.autoconfigure.web.servlet.WebMvcAutoConfiguration'
2022-07-20 01:55:02.620 DEBUG 11244 --- [    Test worker] o.s.b.f.s.DefaultListableBeanFactory     : Creating shared instance of singleton bean 'formContentFilter'
2022-07-20 01:55:02.629 DEBUG 11244 --- [    Test worker] o.s.b.f.s.DefaultListableBeanFactory     : Creating shared instance of singleton bean 'org.springframework.boot.autoconfigure.aop.AopAutoConfiguration$AspectJAutoProxyingConfiguration$CglibAutoProxyConfiguration'
2022-07-20 01:55:02.630 DEBUG 11244 --- [    Test worker] o.s.b.f.s.DefaultListableBeanFactory     : Creating shared instance of singleton bean 'org.springframework.boot.autoconfigure.aop.AopAutoConfiguration$AspectJAutoProxyingConfiguration'
2022-07-20 01:55:02.631 DEBUG 11244 --- [    Test worker] o.s.b.f.s.DefaultListableBeanFactory     : Creating shared instance of singleton bean 'org.springframework.boot.autoconfigure.aop.AopAutoConfiguration'
2022-07-20 01:55:02.632 DEBUG 11244 --- [    Test worker] o.s.b.f.s.DefaultListableBeanFactory     : Creating shared instance of singleton bean 'org.springframework.boot.autoconfigure.availability.ApplicationAvailabilityAutoConfiguration'
2022-07-20 01:55:02.633 DEBUG 11244 --- [    Test worker] o.s.b.f.s.DefaultListableBeanFactory     : Creating shared instance of singleton bean 'applicationAvailability'
2022-07-20 01:55:02.635 DEBUG 11244 --- [    Test worker] o.s.b.f.s.DefaultListableBeanFactory     : Creating shared instance of singleton bean 'org.springframework.boot.autoconfigure.transaction.jta.JtaAutoConfiguration'
2022-07-20 01:55:02.638 DEBUG 11244 --- [    Test worker] o.s.b.f.s.DefaultListableBeanFactory     : Creating shared instance of singleton bean 'org.springframework.boot.autoconfigure.jdbc.DataSourceAutoConfiguration$PooledDataSourceConfiguration'
2022-07-20 01:55:02.639 DEBUG 11244 --- [    Test worker] o.s.b.f.s.DefaultListableBeanFactory     : Creating shared instance of singleton bean 'org.springframework.boot.autoconfigure.jdbc.metadata.DataSourcePoolMetadataProvidersConfiguration'
2022-07-20 01:55:02.640 DEBUG 11244 --- [    Test worker] o.s.b.f.s.DefaultListableBeanFactory     : Creating shared instance of singleton bean 'org.springframework.boot.autoconfigure.jdbc.DataSourceAutoConfiguration'
2022-07-20 01:55:02.642 DEBUG 11244 --- [    Test worker] o.s.b.f.s.DefaultListableBeanFactory     : Creating shared instance of singleton bean 'transactionManager'
2022-07-20 01:55:02.644 DEBUG 11244 --- [    Test worker] o.s.b.f.s.DefaultListableBeanFactory     : Creating shared instance of singleton bean 'platformTransactionManagerCustomizers'
2022-07-20 01:55:02.645 DEBUG 11244 --- [    Test worker] o.s.b.f.s.DefaultListableBeanFactory     : Creating shared instance of singleton bean 'org.springframework.boot.autoconfigure.transaction.TransactionAutoConfiguration'
2022-07-20 01:55:02.648 DEBUG 11244 --- [    Test worker] o.s.b.f.s.DefaultListableBeanFactory     : Creating shared instance of singleton bean 'spring.transaction-org.springframework.boot.autoconfigure.transaction.TransactionProperties'
2022-07-20 01:55:02.651 DEBUG 11244 --- [    Test worker] o.s.b.f.s.DefaultListableBeanFactory     : Creating shared instance of singleton bean 'org.springframework.boot.autoconfigure.orm.jpa.HibernateJpaAutoConfiguration'
2022-07-20 01:55:02.660 DEBUG 11244 --- [    Test worker] o.s.b.f.s.DefaultListableBeanFactory     : Creating shared instance of singleton bean 'org.springframework.boot.autoconfigure.context.ConfigurationPropertiesAutoConfiguration'
2022-07-20 01:55:02.662 DEBUG 11244 --- [    Test worker] o.s.b.f.s.DefaultListableBeanFactory     : Creating shared instance of singleton bean 'org.springframework.boot.autoconfigure.context.LifecycleAutoConfiguration'
2022-07-20 01:55:02.663 DEBUG 11244 --- [    Test worker] o.s.b.f.s.DefaultListableBeanFactory     : Creating shared instance of singleton bean 'lifecycleProcessor'
2022-07-20 01:55:02.664 DEBUG 11244 --- [    Test worker] o.s.b.f.s.DefaultListableBeanFactory     : Creating shared instance of singleton bean 'spring.lifecycle-org.springframework.boot.autoconfigure.context.LifecycleProperties'
2022-07-20 01:55:02.666 DEBUG 11244 --- [    Test worker] o.s.b.f.s.DefaultListableBeanFactory     : Autowiring by type from bean name 'lifecycleProcessor' via factory method to bean named 'spring.lifecycle-org.springframework.boot.autoconfigure.context.LifecycleProperties'
2022-07-20 01:55:02.667 DEBUG 11244 --- [    Test worker] o.s.b.f.s.DefaultListableBeanFactory     : Creating shared instance of singleton bean 'org.springframework.boot.autoconfigure.dao.PersistenceExceptionTranslationAutoConfiguration'
2022-07-20 01:55:02.670 DEBUG 11244 --- [    Test worker] o.s.b.f.s.DefaultListableBeanFactory     : Creating shared instance of singleton bean 'org.springframework.boot.autoconfigure.data.jpa.JpaRepositoriesAutoConfiguration'
2022-07-20 01:55:02.671 DEBUG 11244 --- [    Test worker] o.s.b.f.s.DefaultListableBeanFactory     : Creating shared instance of singleton bean 'org.springframework.data.jpa.util.JpaMetamodelCacheCleanup'
2022-07-20 01:55:02.673 DEBUG 11244 --- [    Test worker] o.s.b.f.s.DefaultListableBeanFactory     : Creating shared instance of singleton bean 'org.springframework.data.jpa.repository.support.JpaEvaluationContextExtension'
[...]
2022-07-20 01:55:03.322 DEBUG 11244 --- [    Test worker] org.springframework.test.context.cache   : Spring test ApplicationContext cache statistics: [DefaultContextCache@1b949de4 size = 1, maxSize = 32, parentContextCount = 0, hitCount = 5, missCount = 1]
2022-07-20 01:55:03.330 DEBUG 11244 --- [    Test worker] c.DefaultCacheAwareContextLoaderDelegate : Retrieved ApplicationContext [1370597622] from cache with key [[WebMergedContextConfiguration@751e664e testClass = KhuApplicationTests, locations = '{}', classes = '{class project.khu.KhuApplication}', contextInitializerClasses = '[]', activeProfiles = '{}', propertySourceLocations = '{}', propertySourceProperties = '{org.springframework.boot.test.context.SpringBootTestContextBootstrapper=true}', contextCustomizers = set[org.springframework.boot.test.autoconfigure.actuate.metrics.MetricsExportContextCustomizerFactory$DisableMetricExportContextCustomizer@a5bd950, org.springframework.boot.test.autoconfigure.properties.PropertyMappingContextCustomizer@0, org.springframework.boot.test.autoconfigure.web.servlet.WebDriverContextCustomizerFactory$Customizer@1698ee84, org.springframework.boot.test.context.filter.ExcludeFilterContextCustomizer@42e3ede4, org.springframework.boot.test.json.DuplicateJsonObjectContextCustomizerFactory$DuplicateJsonObjectContextCustomizer@3e5499cc, org.springframework.boot.test.mock.mockito.MockitoContextCustomizer@0, org.springframework.boot.test.web.client.TestRestTemplateContextCustomizer@53812a9b, org.springframework.boot.test.context.SpringBootTestArgs@1, org.springframework.boot.test.context.SpringBootTestWebEnvironment@dc9876b], resourceBasePath = 'src/main/webapp', contextLoader = 'org.springframework.boot.test.context.SpringBootContextLoader', parent = [null]]]
2022-07-20 01:55:03.330 DEBUG 11244 --- [    Test worker] org.springframework.test.context.cache   : Spring test ApplicationContext cache statistics: [DefaultContextCache@1b949de4 size = 1, maxSize = 32, parentContextCount = 0, hitCount = 6, missCount = 1]
2022-07-20 01:55:03.331 DEBUG 11244 --- [    Test worker] c.DefaultCacheAwareContextLoaderDelegate : Retrieved ApplicationContext [1370597622] from cache with key [[WebMergedContextConfiguration@751e664e testClass = KhuApplicationTests, locations = '{}', classes = '{class project.khu.KhuApplication}', contextInitializerClasses = '[]', activeProfiles = '{}', propertySourceLocations = '{}', propertySourceProperties = '{org.springframework.boot.test.context.SpringBootTestContextBootstrapper=true}', contextCustomizers = set[org.springframework.boot.test.autoconfigure.actuate.metrics.MetricsExportContextCustomizerFactory$DisableMetricExportContextCustomizer@a5bd950, org.springframework.boot.test.autoconfigure.properties.PropertyMappingContextCustomizer@0, org.springframework.boot.test.autoconfigure.web.servlet.WebDriverContextCustomizerFactory$Customizer@1698ee84, org.springframework.boot.test.context.filter.ExcludeFilterContextCustomizer@42e3ede4, org.springframework.boot.test.json.DuplicateJsonObjectContextCustomizerFactory$DuplicateJsonObjectContextCustomizer@3e5499cc, org.springframework.boot.test.mock.mockito.MockitoContextCustomizer@0, org.springframework.boot.test.web.client.TestRestTemplateContextCustomizer@53812a9b, org.springframework.boot.test.context.SpringBootTestArgs@1, org.springframework.boot.test.context.SpringBootTestWebEnvironment@dc9876b], resourceBasePath = 'src/main/webapp', contextLoader = 'org.springframework.boot.test.context.SpringBootContextLoader', parent = [null]]]
2022-07-20 01:55:03.331 DEBUG 11244 --- [    Test worker] org.springframework.test.context.cache   : Spring test ApplicationContext cache statistics: [DefaultContextCache@1b949de4 size = 1, maxSize = 32, parentContextCount = 0, hitCount = 7, missCount = 1]
2022-07-20 01:55:03.332 DEBUG 11244 --- [    Test worker] c.DefaultCacheAwareContextLoaderDelegate : Retrieved ApplicationContext [1370597622] from cache with key [[WebMergedContextConfiguration@751e664e testClass = KhuApplicationTests, locations = '{}', classes = '{class project.khu.KhuApplication}', contextInitializerClasses = '[]', activeProfiles = '{}', propertySourceLocations = '{}', propertySourceProperties = '{org.springframework.boot.test.context.SpringBootTestContextBootstrapper=true}', contextCustomizers = set[org.springframework.boot.test.autoconfigure.actuate.metrics.MetricsExportContextCustomizerFactory$DisableMetricExportContextCustomizer@a5bd950, org.springframework.boot.test.autoconfigure.properties.PropertyMappingContextCustomizer@0, org.springframework.boot.test.autoconfigure.web.servlet.WebDriverContextCustomizerFactory$Customizer@1698ee84, org.springframework.boot.test.context.filter.ExcludeFilterContextCustomizer@42e3ede4, org.springframework.boot.test.json.DuplicateJsonObjectContextCustomizerFactory$DuplicateJsonObjectContextCustomizer@3e5499cc, org.springframework.boot.test.mock.mockito.MockitoContextCustomizer@0, org.springframework.boot.test.web.client.TestRestTemplateContextCustomizer@53812a9b, org.springframework.boot.test.context.SpringBootTestArgs@1, org.springframework.boot.test.context.SpringBootTestWebEnvironment@dc9876b], resourceBasePath = 'src/main/webapp', contextLoader = 'org.springframework.boot.test.context.SpringBootContextLoader', parent = [null]]]
2022-07-20 01:55:03.332 DEBUG 11244 --- [    Test worker] org.springframework.test.context.cache   : Spring test ApplicationContext cache statistics: [DefaultContextCache@1b949de4 size = 1, maxSize = 32, parentContextCount = 0, hitCount = 8, missCount = 1]
2022-07-20 01:55:03.332 DEBUG 11244 --- [    Test worker] c.DefaultCacheAwareContextLoaderDelegate : Retrieved ApplicationContext [1370597622] from cache with key [[WebMergedContextConfiguration@751e664e testClass = KhuApplicationTests, locations = '{}', classes = '{class project.khu.KhuApplication}', contextInitializerClasses = '[]', activeProfiles = '{}', propertySourceLocations = '{}', propertySourceProperties = '{org.springframework.boot.test.context.SpringBootTestContextBootstrapper=true}', contextCustomizers = set[org.springframework.boot.test.autoconfigure.actuate.metrics.MetricsExportContextCustomizerFactory$DisableMetricExportContextCustomizer@a5bd950, org.springframework.boot.test.autoconfigure.properties.PropertyMappingContextCustomizer@0, org.springframework.boot.test.autoconfigure.web.servlet.WebDriverContextCustomizerFactory$Customizer@1698ee84, org.springframework.boot.test.context.filter.ExcludeFilterContextCustomizer@42e3ede4, org.springframework.boot.test.json.DuplicateJsonObjectContextCustomizerFactory$DuplicateJsonObjectContextCustomizer@3e5499cc, org.springframework.boot.test.mock.mockito.MockitoContextCustomizer@0, org.springframework.boot.test.web.client.TestRestTemplateContextCustomizer@53812a9b, org.springframework.boot.test.context.SpringBootTestArgs@1, org.springframework.boot.test.context.SpringBootTestWebEnvironment@dc9876b], resourceBasePath = 'src/main/webapp', contextLoader = 'org.springframework.boot.test.context.SpringBootContextLoader', parent = [null]]]
2022-07-20 01:55:03.332 DEBUG 11244 --- [    Test worker] org.springframework.test.context.cache   : Spring test ApplicationContext cache statistics: [DefaultContextCache@1b949de4 size = 1, maxSize = 32, parentContextCount = 0, hitCount = 9, missCount = 1]
2022-07-20 01:55:03.333 DEBUG 11244 --- [    Test worker] c.DefaultCacheAwareContextLoaderDelegate : Retrieved ApplicationContext [1370597622] from cache with key [[WebMergedContextConfiguration@751e664e testClass = KhuApplicationTests, locations = '{}', classes = '{class project.khu.KhuApplication}', contextInitializerClasses = '[]', activeProfiles = '{}', propertySourceLocations = '{}', propertySourceProperties = '{org.springframework.boot.test.context.SpringBootTestContextBootstrapper=true}', contextCustomizers = set[org.springframework.boot.test.autoconfigure.actuate.metrics.MetricsExportContextCustomizerFactory$DisableMetricExportContextCustomizer@a5bd950, org.springframework.boot.test.autoconfigure.properties.PropertyMappingContextCustomizer@0, org.springframework.boot.test.autoconfigure.web.servlet.WebDriverContextCustomizerFactory$Customizer@1698ee84, org.springframework.boot.test.context.filter.ExcludeFilterContextCustomizer@42e3ede4, org.springframework.boot.test.json.DuplicateJsonObjectContextCustomizerFactory$DuplicateJsonObjectContextCustomizer@3e5499cc, org.springframework.boot.test.mock.mockito.MockitoContextCustomizer@0, org.springframework.boot.test.web.client.TestRestTemplateContextCustomizer@53812a9b, org.springframework.boot.test.context.SpringBootTestArgs@1, org.springframework.boot.test.context.SpringBootTestWebEnvironment@dc9876b], resourceBasePath = 'src/main/webapp', contextLoader = 'org.springframework.boot.test.context.SpringBootContextLoader', parent = [null]]]
2022-07-20 01:55:03.333 DEBUG 11244 --- [    Test worker] org.springframework.test.context.cache   : Spring test ApplicationContext cache statistics: [DefaultContextCache@1b949de4 size = 1, maxSize = 32, parentContextCount = 0, hitCount = 10, missCount = 1]
2022-07-20 01:55:03.335 DEBUG 11244 --- [    Test worker] c.DefaultCacheAwareContextLoaderDelegate : Retrieved ApplicationContext [1370597622] from cache with key [[WebMergedContextConfiguration@751e664e testClass = KhuApplicationTests, locations = '{}', classes = '{class project.khu.KhuApplication}', contextInitializerClasses = '[]', activeProfiles = '{}', propertySourceLocations = '{}', propertySourceProperties = '{org.springframework.boot.test.context.SpringBootTestContextBootstrapper=true}', contextCustomizers = set[org.springframework.boot.test.autoconfigure.actuate.metrics.MetricsExportContextCustomizerFactory$DisableMetricExportContextCustomizer@a5bd950, org.springframework.boot.test.autoconfigure.properties.PropertyMappingContextCustomizer@0, org.springframework.boot.test.autoconfigure.web.servlet.WebDriverContextCustomizerFactory$Customizer@1698ee84, org.springframework.boot.test.context.filter.ExcludeFilterContextCustomizer@42e3ede4, org.springframework.boot.test.json.DuplicateJsonObjectContextCustomizerFactory$DuplicateJsonObjectContextCustomizer@3e5499cc, org.springframework.boot.test.mock.mockito.MockitoContextCustomizer@0, org.springframework.boot.test.web.client.TestRestTemplateContextCustomizer@53812a9b, org.springframework.boot.test.context.SpringBootTestArgs@1, org.springframework.boot.test.context.SpringBootTestWebEnvironment@dc9876b], resourceBasePath = 'src/main/webapp', contextLoader = 'org.springframework.boot.test.context.SpringBootContextLoader', parent = [null]]]
2022-07-20 01:55:03.335 DEBUG 11244 --- [    Test worker] org.springframework.test.context.cache   : Spring test ApplicationContext cache statistics: [DefaultContextCache@1b949de4 size = 1, maxSize = 32, parentContextCount = 0, hitCount = 11, missCount = 1]
2022-07-20 01:55:03.336 DEBUG 11244 --- [    Test worker] tractDirtiesContextTestExecutionListener : After test method: context [DefaultTestContext@475b7792 testClass = KhuApplicationTests, testInstance = project.khu.KhuApplicationTests@7ef8899d, testMethod = contextLoads@KhuApplicationTests, testException = [null], mergedContextConfiguration = [WebMergedContextConfiguration@751e664e testClass = KhuApplicationTests, locations = '{}', classes = '{class project.khu.KhuApplication}', contextInitializerClasses = '[]', activeProfiles = '{}', propertySourceLocations = '{}', propertySourceProperties = '{org.springframework.boot.test.context.SpringBootTestContextBootstrapper=true}', contextCustomizers = set[org.springframework.boot.test.autoconfigure.actuate.metrics.MetricsExportContextCustomizerFactory$DisableMetricExportContextCustomizer@a5bd950, org.springframework.boot.test.autoconfigure.properties.PropertyMappingContextCustomizer@0, org.springframework.boot.test.autoconfigure.web.servlet.WebDriverContextCustomizerFactory$Customizer@1698ee84, org.springframework.boot.test.context.filter.ExcludeFilterContextCustomizer@42e3ede4, org.springframework.boot.test.json.DuplicateJsonObjectContextCustomizerFactory$DuplicateJsonObjectContextCustomizer@3e5499cc, org.springframework.boot.test.mock.mockito.MockitoContextCustomizer@0, org.springframework.boot.test.web.client.TestRestTemplateContextCustomizer@53812a9b, org.springframework.boot.test.context.SpringBootTestArgs@1, org.springframework.boot.test.context.SpringBootTestWebEnvironment@dc9876b], resourceBasePath = 'src/main/webapp', contextLoader = 'org.springframework.boot.test.context.SpringBootContextLoader', parent = [null]], attributes = map['org.springframework.test.context.web.ServletTestExecutionListener.activateListener' -> true, 'org.springframework.test.context.web.ServletTestExecutionListener.populatedRequestContextHolder' -> true, 'org.springframework.test.context.web.ServletTestExecutionListener.resetRequestContextHolder' -> true, 'org.springframework.test.context.event.ApplicationEventsTestExecutionListener.recordApplicationEvents' -> false]], class annotated with @DirtiesContext [false] with mode [null], method annotated with @DirtiesContext [false] with mode [null].
2022-07-20 01:55:03.336 DEBUG 11244 --- [    Test worker] o.s.t.c.w.ServletTestExecutionListener   : Resetting RequestContextHolder for test context [DefaultTestContext@475b7792 testClass = KhuApplicationTests, testInstance = project.khu.KhuApplicationTests@7ef8899d, testMethod = contextLoads@KhuApplicationTests, testException = [null], mergedContextConfiguration = [WebMergedContextConfiguration@751e664e testClass = KhuApplicationTests, locations = '{}', classes = '{class project.khu.KhuApplication}', contextInitializerClasses = '[]', activeProfiles = '{}', propertySourceLocations = '{}', propertySourceProperties = '{org.springframework.boot.test.context.SpringBootTestContextBootstrapper=true}', contextCustomizers = set[org.springframework.boot.test.autoconfigure.actuate.metrics.MetricsExportContextCustomizerFactory$DisableMetricExportContextCustomizer@a5bd950, org.springframework.boot.test.autoconfigure.properties.PropertyMappingContextCustomizer@0, org.springframework.boot.test.autoconfigure.web.servlet.WebDriverContextCustomizerFactory$Customizer@1698ee84, org.springframework.boot.test.context.filter.ExcludeFilterContextCustomizer@42e3ede4, org.springframework.boot.test.json.DuplicateJsonObjectContextCustomizerFactory$DuplicateJsonObjectContextCustomizer@3e5499cc, org.springframework.boot.test.mock.mockito.MockitoContextCustomizer@0, org.springframework.boot.test.web.client.TestRestTemplateContextCustomizer@53812a9b, org.springframework.boot.test.context.SpringBootTestArgs@1, org.springframework.boot.test.context.SpringBootTestWebEnvironment@dc9876b], resourceBasePath = 'src/main/webapp', contextLoader = 'org.springframework.boot.test.context.SpringBootContextLoader', parent = [null]], attributes = map['org.springframework.test.context.web.ServletTestExecutionListener.activateListener' -> true, 'org.springframework.test.context.web.ServletTestExecutionListener.populatedRequestContextHolder' -> true, 'org.springframework.test.context.web.ServletTestExecutionListener.resetRequestContextHolder' -> true, 'org.springframework.test.context.event.ApplicationEventsTestExecutionListener.recordApplicationEvents' -> false]].
2022-07-20 01:55:03.343 DEBUG 11244 --- [    Test worker] c.DefaultCacheAwareContextLoaderDelegate : Retrieved ApplicationContext [1370597622] from cache with key [[WebMergedContextConfiguration@751e664e testClass = KhuApplicationTests, locations = '{}', classes = '{class project.khu.KhuApplication}', contextInitializerClasses = '[]', activeProfiles = '{}', propertySourceLocations = '{}', propertySourceProperties = '{org.springframework.boot.test.context.SpringBootTestContextBootstrapper=true}', contextCustomizers = set[org.springframework.boot.test.autoconfigure.actuate.metrics.MetricsExportContextCustomizerFactory$DisableMetricExportContextCustomizer@a5bd950, org.springframework.boot.test.autoconfigure.properties.PropertyMappingContextCustomizer@0, org.springframework.boot.test.autoconfigure.web.servlet.WebDriverContextCustomizerFactory$Customizer@1698ee84, org.springframework.boot.test.context.filter.ExcludeFilterContextCustomizer@42e3ede4, org.springframework.boot.test.json.DuplicateJsonObjectContextCustomizerFactory$DuplicateJsonObjectContextCustomizer@3e5499cc, org.springframework.boot.test.mock.mockito.MockitoContextCustomizer@0, org.springframework.boot.test.web.client.TestRestTemplateContextCustomizer@53812a9b, org.springframework.boot.test.context.SpringBootTestArgs@1, org.springframework.boot.test.context.SpringBootTestWebEnvironment@dc9876b], resourceBasePath = 'src/main/webapp', contextLoader = 'org.springframework.boot.test.context.SpringBootContextLoader', parent = [null]]]
2022-07-20 01:55:03.343 DEBUG 11244 --- [    Test worker] org.springframework.test.context.cache   : Spring test ApplicationContext cache statistics: [DefaultContextCache@1b949de4 size = 1, maxSize = 32, parentContextCount = 0, hitCount = 12, missCount = 1]
2022-07-20 01:55:03.344 DEBUG 11244 --- [    Test worker] tractDirtiesContextTestExecutionListener : After test class: context [DefaultTestContext@475b7792 testClass = KhuApplicationTests, testInstance = [null], testMethod = [null], testException = [null], mergedContextConfiguration = [WebMergedContextConfiguration@751e664e testClass = KhuApplicationTests, locations = '{}', classes = '{class project.khu.KhuApplication}', contextInitializerClasses = '[]', activeProfiles = '{}', propertySourceLocations = '{}', propertySourceProperties = '{org.springframework.boot.test.context.SpringBootTestContextBootstrapper=true}', contextCustomizers = set[org.springframework.boot.test.autoconfigure.actuate.metrics.MetricsExportContextCustomizerFactory$DisableMetricExportContextCustomizer@a5bd950, org.springframework.boot.test.autoconfigure.properties.PropertyMappingContextCustomizer@0, org.springframework.boot.test.autoconfigure.web.servlet.WebDriverContextCustomizerFactory$Customizer@1698ee84, org.springframework.boot.test.context.filter.ExcludeFilterContextCustomizer@42e3ede4, org.springframework.boot.test.json.DuplicateJsonObjectContextCustomizerFactory$DuplicateJsonObjectContextCustomizer@3e5499cc, org.springframework.boot.test.mock.mockito.MockitoContextCustomizer@0, org.springframework.boot.test.web.client.TestRestTemplateContextCustomizer@53812a9b, org.springframework.boot.test.context.SpringBootTestArgs@1, org.springframework.boot.test.context.SpringBootTestWebEnvironment@dc9876b], resourceBasePath = 'src/main/webapp', contextLoader = 'org.springframework.boot.test.context.SpringBootContextLoader', parent = [null]], attributes = map['org.springframework.test.context.web.ServletTestExecutionListener.activateListener' -> true, 'org.springframework.test.context.event.ApplicationEventsTestExecutionListener.recordApplicationEvents' -> false, 'org.springframework.test.context.support.DependencyInjectionTestExecutionListener.reinjectDependencies' -> true]], class annotated with @DirtiesContext [false] with mode [null].
]]></system-out>
  <system-err><![CDATA[]]></system-err>
</testsuite>
